2018-05-28 02:09:30 +0000  Initial pipeline context: <IDEDistributionProcessingPipelineContext: 0x7ff058954d10; archive(resolved)='<IDEArchive: 0x7ff0564510c0>', distributionTask(resolved)='2', distributionMethod(resolved)='<IDEDistributionMethodAdHoc: 0x7ff05605d0b0>', team(resolved)='<IDEProvisioningBasicTeam: 0x7ff057b397a0; teamID='5DCJQFRRP3', teamName='Credan Network Technology (Shanghai) Co., Ltd.'>'>
	Chain (11, self inclusive):
	<IDEDistributionProcessingPipelineContext: 0x7ff058954d10; archive = '<IDEArchive: 0x7ff0564510c0>', distributionMethod='<IDEDistributionMethodAdHoc: 0x7ff05605d0b0>', team='<IDEProvisioningBasicTeam: 0x7ff057b397a0; teamID='5DCJQFRRP3', teamName='Credan Network Technology (Shanghai) Co., Ltd.'>'>
	<IDEDistributionProcessingPipelineContext: 0x7ff0565589a0; archive = '<IDEArchive: 0x7ff0564510c0>', distributionMethod='<IDEDistributionMethodAdHoc: 0x7ff05605d0b0>', team='<IDEProvisioningBasicTeam: 0x7ff057b397a0; teamID='5DCJQFRRP3', teamName='Credan Network Technology (Shanghai) Co., Ltd.'>'>
	<IDEDistributionContext: 0x7ff057fba1a0; archive = '<IDEArchive: 0x7ff0564510c0>', distributionMethod='<IDEDistributionMethodAdHoc: 0x7ff05605d0b0>', team='<IDEProvisioningBasicTeam: 0x7ff057b397a0; teamID='5DCJQFRRP3', teamName='Credan Network Technology (Shanghai) Co., Ltd.'>'>
	<IDEDistributionContext: 0x7ff0588e4f90; archive = '<IDEArchive: 0x7ff0564510c0>', distributionMethod='<IDEDistributionMethodAdHoc: 0x7ff05605d0b0>', team='<IDEProvisioningBasicTeam: 0x7ff057b397a0; teamID='5DCJQFRRP3', teamName='Credan Network Technology (Shanghai) Co., Ltd.'>'>
	<IDEDistributionContext: 0x7ff0588f8dc0; archive = '<IDEArchive: 0x7ff0564510c0>', distributionMethod='<IDEDistributionMethodAdHoc: 0x7ff05605d0b0>', team='<IDEProvisioningBasicTeam: 0x7ff057b397a0; teamID='5DCJQFRRP3', teamName='Credan Network Technology (Shanghai) Co., Ltd.'>'>
	<IDEDistributionContext: 0x7ff0588e2370; archive = '<IDEArchive: 0x7ff0564510c0>', distributionMethod='<IDEDistributionMethodAdHoc: 0x7ff05605d0b0>', team='<IDEProvisioningBasicTeam: 0x7ff057b397a0; teamID='5DCJQFRRP3', teamName='Credan Network Technology (Shanghai) Co., Ltd.'>'>
	<IDEDistributionContext: 0x7ff0589f5440; archive = '<IDEArchive: 0x7ff0564510c0>', distributionMethod='<IDEDistributionMethodAdHoc: 0x7ff05605d0b0>', team='<IDEProvisioningBasicTeam: 0x7ff057b397a0; teamID='5DCJQFRRP3', teamName='Credan Network Technology (Shanghai) Co., Ltd.'>'>
	<IDEDistributionContext: 0x7ff0588ee050; archive = '<IDEArchive: 0x7ff0564510c0>', distributionMethod='<IDEDistributionMethodAdHoc: 0x7ff05605d0b0>', team='<IDEProvisioningBasicTeam: 0x7ff057b397a0; teamID='5DCJQFRRP3', teamName='Credan Network Technology (Shanghai) Co., Ltd.'>'>
	<IDEDistributionContext: 0x7ff0588e8040; archive = '<IDEArchive: 0x7ff0564510c0>', distributionMethod='<IDEDistributionMethodAdHoc: 0x7ff05605d0b0>', team='<IDEProvisioningBasicTeam: 0x7ff057b397a0; teamID='5DCJQFRRP3', teamName='Credan Network Technology (Shanghai) Co., Ltd.'>'>
	<IDEDistributionContext: 0x7ff05568c150; archive = '<IDEArchive: 0x7ff0564510c0>', distributionMethod='<IDEDistributionMethodAdHoc: 0x7ff05605d0b0>', team='(null)'>
	<IDEDistributionContext: 0x7ff057f61e20; archive = '<IDEArchive: 0x7ff0564510c0>', distributionMethod='(null)', team='(null)'>
</IDEDistributionProcessingPipelineContext: 0x7ff058954d10>
2018-05-28 02:09:30 +0000  Processing step: IDEDistributionCreateDestRootStep
2018-05-28 02:09:30 +0000  Processing step: IDEDistributionCopyItemStep
2018-05-28 02:09:30 +0000  Running /usr/bin/ditto '-V' '/Users/mzr/Library/Developer/Xcode/Archives/2018-05-28/爱回购 2018-5-28 上午10.09.xcarchive/Products/Applications/爱回购.app' '/var/folders/24/lhhkn5p146sfc40651lqxk8w0000gn/T/XcodeDistPipeline.R7D/Root/Payload/爱回购.app'
2018-05-28 02:09:30 +0000  >>> Copying /Users/mzr/Library/Developer/Xcode/Archives/2018-05-28/爱回购 2018-5-28 上午10.09.xcarchive/Products/Applications/爱回购.app 
2018-05-28 02:09:30 +0000  copying file ./_CodeSignature/CodeResources ... 
2018-05-28 02:09:30 +0000  48051 bytes for ./_CodeSignature/CodeResources
2018-05-28 02:09:30 +0000  copying file ./LaunchImage@2x.png ... 
2018-05-28 02:09:30 +0000  12128 bytes for ./LaunchImage@2x.png
2018-05-28 02:09:30 +0000  copying file ./AppIcon20x20@2x.png ... 
2018-05-28 02:09:30 +0000  1441 bytes for ./AppIcon20x20@2x.png
copying file ./MainViewController.nib ... 
2018-05-28 02:09:30 +0000  943 bytes for ./MainViewController.nib
copying file ./AppIcon57x57.png ... 
2018-05-28 02:09:30 +0000  2031 bytes for ./AppIcon57x57.png
2018-05-28 02:09:30 +0000  copying file ./爱回购 ... 
2018-05-28 02:09:30 +0000  747456 bytes for ./爱回购
copying file ./AppIcon29x29.png ... 
2018-05-28 02:09:30 +0000  1037 bytes for ./AppIcon29x29.png
2018-05-28 02:09:30 +0000  copying file ./LaunchImage-568h@2x.png ... 
2018-05-28 02:09:30 +0000  12807 bytes for ./LaunchImage-568h@2x.png
2018-05-28 02:09:30 +0000  copying file ./AppIcon60x60@2x.png ... 
2018-05-28 02:09:30 +0000  4657 bytes for ./AppIcon60x60@2x.png
2018-05-28 02:09:30 +0000  copying file ./AppIcon72x72@2x~ipad.png ... 
2018-05-28 02:09:30 +0000  5609 bytes for ./AppIcon72x72@2x~ipad.png
2018-05-28 02:09:30 +0000  copying file ./AppIcon29x29@2x.png ... 
2018-05-28 02:09:30 +0000  2076 bytes for ./AppIcon29x29@2x.png
2018-05-28 02:09:30 +0000  copying file ./LaunchImage-800-667h@2x.png ... 
2018-05-28 02:09:30 +0000  15550 bytes for ./LaunchImage-800-667h@2x.png
copying file ./AppIcon40x40@3x.png ... 
2018-05-28 02:09:30 +0000  4657 bytes for ./AppIcon40x40@3x.png
2018-05-28 02:09:30 +0000  copying file ./AppIcon57x57@2x.png ... 
2018-05-28 02:09:30 +0000  4415 bytes for ./AppIcon57x57@2x.png
2018-05-28 02:09:30 +0000  copying file ./AppIcon29x29~ipad.png ... 
2018-05-28 02:09:30 +0000  1037 bytes for ./AppIcon29x29~ipad.png
copying file ./AppIcon40x40@2x.png ... 
2018-05-28 02:09:30 +0000  3072 bytes for ./AppIcon40x40@2x.png
2018-05-28 02:09:30 +0000  copying file ./AppIcon60x60@3x.png ... 
2018-05-28 02:09:30 +0000  7077 bytes for ./AppIcon60x60@3x.png
2018-05-28 02:09:30 +0000  copying file ./config.xml ... 
2018-05-28 02:09:30 +0000  5203 bytes for ./config.xml
2018-05-28 02:09:30 +0000  copying file ./www/cordova.js ... 
2018-05-28 02:09:30 +0000  78044 bytes for ./www/cordova.js
2018-05-28 02:09:30 +0000  copying file ./www/plugins/cordova-plugin-brightness/www/brightness.js ... 
2018-05-28 02:09:30 +0000  519 bytes for ./www/plugins/cordova-plugin-brightness/www/brightness.js
2018-05-28 02:09:30 +0000  copying file ./www/plugins/cordova-plugin-inappbrowser/www/inappbrowser.js ... 
2018-05-28 02:09:30 +0000  4485 bytes for ./www/plugins/cordova-plugin-inappbrowser/www/inappbrowser.js
2018-05-28 02:09:30 +0000  copying file ./www/plugins/cordova-plugin-device/www/device.js ... 
2018-05-28 02:09:30 +0000  3070 bytes for ./www/plugins/cordova-plugin-device/www/device.js
2018-05-28 02:09:30 +0000  copying file ./www/plugins/cordova-plugin-geolocation/www/geolocation.js ... 
2018-05-28 02:09:30 +0000  8629 bytes for ./www/plugins/cordova-plugin-geolocation/www/geolocation.js
copying file ./www/plugins/cordova-plugin-geolocation/www/PositionError.js ... 
2018-05-28 02:09:30 +0000  1376 bytes for ./www/plugins/cordova-plugin-geolocation/www/PositionError.js
2018-05-28 02:09:30 +0000  copying file ./www/plugins/cordova-plugin-geolocation/www/Coordinates.js ... 
2018-05-28 02:09:30 +0000  2075 bytes for ./www/plugins/cordova-plugin-geolocation/www/Coordinates.js
copying file ./www/plugins/cordova-plugin-geolocation/www/Position.js ... 
2018-05-28 02:09:30 +0000  1358 bytes for ./www/plugins/cordova-plugin-geolocation/www/Position.js
2018-05-28 02:09:30 +0000  copying file ./www/plugins/cordova-plugin-contacts/www/ContactError.js ... 
2018-05-28 02:09:30 +0000  1479 bytes for ./www/plugins/cordova-plugin-contacts/www/ContactError.js
copying file ./www/plugins/cordova-plugin-contacts/www/ContactAddress.js ... 
2018-05-28 02:09:30 +0000  1668 bytes for ./www/plugins/cordova-plugin-contacts/www/ContactAddress.js
2018-05-28 02:09:30 +0000  copying file ./www/plugins/cordova-plugin-contacts/www/ContactFindOptions.js ... 
2018-05-28 02:09:30 +0000  1648 bytes for ./www/plugins/cordova-plugin-contacts/www/ContactFindOptions.js
2018-05-28 02:09:30 +0000  copying file ./www/plugins/cordova-plugin-contacts/www/ContactField.js ... 
2018-05-28 02:09:30 +0000  1376 bytes for ./www/plugins/cordova-plugin-contacts/www/ContactField.js
copying file ./www/plugins/cordova-plugin-contacts/www/ContactOrganization.js ... 
2018-05-28 02:09:30 +0000  1355 bytes for ./www/plugins/cordova-plugin-contacts/www/ContactOrganization.js
copying file ./www/plugins/cordova-plugin-contacts/www/contacts.js ... 
2018-05-28 02:09:30 +0000  3755 bytes for ./www/plugins/cordova-plugin-contacts/www/contacts.js
2018-05-28 02:09:30 +0000  copying file ./www/plugins/cordova-plugin-contacts/www/ios/contacts.js ... 
2018-05-28 02:09:30 +0000  2470 bytes for ./www/plugins/cordova-plugin-contacts/www/ios/contacts.js
copying file ./www/plugins/cordova-plugin-contacts/www/ios/Contact.js ... 
2018-05-28 02:09:30 +0000  1829 bytes for ./www/plugins/cordova-plugin-contacts/www/ios/Contact.js
2018-05-28 02:09:30 +0000  copying file ./www/plugins/cordova-plugin-contacts/www/ContactName.js ... 
2018-05-28 02:09:30 +0000  1455 bytes for ./www/plugins/cordova-plugin-contacts/www/ContactName.js
copying file ./www/plugins/cordova-plugin-contacts/www/Contact.js ... 
2018-05-28 02:09:30 +0000  4877 bytes for ./www/plugins/cordova-plugin-contacts/www/Contact.js
copying file ./www/plugins/cordova-plugin-contacts/www/convertUtils.js ... 
2018-05-28 02:09:30 +0000  2384 bytes for ./www/plugins/cordova-plugin-contacts/www/convertUtils.js
2018-05-28 02:09:30 +0000  copying file ./www/plugins/cordova-plugin-contacts/www/ContactFieldType.js ... 
2018-05-28 02:09:30 +0000  2059 bytes for ./www/plugins/cordova-plugin-contacts/www/ContactFieldType.js
2018-05-28 02:09:30 +0000  copying file ./www/plugins/ToSafari/www/ToSafari.js ... 
2018-05-28 02:09:30 +0000  229 bytes for ./www/plugins/ToSafari/www/ToSafari.js
2018-05-28 02:09:30 +0000  copying file ./www/plugins/cordova-plugin-dialogs/www/notification.js ... 
2018-05-28 02:09:30 +0000  6013 bytes for ./www/plugins/cordova-plugin-dialogs/www/notification.js
2018-05-28 02:09:30 +0000  copying file ./www/plugins/cordova-plugin-splashscreen/www/splashscreen.js ... 
2018-05-28 02:09:30 +0000  1173 bytes for ./www/plugins/cordova-plugin-splashscreen/www/splashscreen.js
2018-05-28 02:09:30 +0000  copying file ./www/static/css/pdf_viewer.css ... 
2018-05-28 02:09:30 +0000  8172 bytes for ./www/static/css/pdf_viewer.css
2018-05-28 02:09:30 +0000  copying file ./www/static/css/pages/ll2pay-page.f74948348e10f397a693aebe6505aa8e.css ... 
2018-05-28 02:09:30 +0000  28211 bytes for ./www/static/css/pages/ll2pay-page.f74948348e10f397a693aebe6505aa8e.css
copying file ./www/static/css/pages/recycling-pay-page.a9906919678034ed3a0c6cc91b2e3b57.css ... 
2018-05-28 02:09:30 +0000  28114 bytes for ./www/static/css/pages/recycling-pay-page.a9906919678034ed3a0c6cc91b2e3b57.css
copying file ./www/static/css/pages/order-info.2397e5b4389dc6b2b59789439d9312ef.css ... 
2018-05-28 02:09:30 +0000  33171 bytes for ./www/static/css/pages/order-info.2397e5b4389dc6b2b59789439d9312ef.css
2018-05-28 02:09:30 +0000  copying file ./www/static/css/pages/app-download.a4032890eca6081eca6e4811e3de10db.css ... 
2018-05-28 02:09:30 +0000  28292 bytes for ./www/static/css/pages/app-download.a4032890eca6081eca6e4811e3de10db.css
copying file ./www/static/css/pages/user-login.6f9aa7febb8161b5d6e75eb9552ba7ed.css ... 
2018-05-28 02:09:30 +0000  32754 bytes for ./www/static/css/pages/user-login.6f9aa7febb8161b5d6e75eb9552ba7ed.css
copying file ./www/static/css/pages/renew-lease-page.de61f22035d352cd53d7adacbeeb71b0.css ... 
2018-05-28 02:09:30 +0000  29007 bytes for ./www/static/css/pages/renew-lease-page.de61f22035d352cd53d7adacbeeb71b0.css
copying file ./www/static/css/pages/aiguigou-download.79a442f6b92fbab3756bd27ff9d757e5.css ... 
2018-05-28 02:09:30 +0000  37447 bytes for ./www/static/css/pages/aiguigou-download.79a442f6b92fbab3756bd27ff9d757e5.css
copying file ./www/static/css/pages/cash-identity-submit.21dd1fdf49f94627355ee8b063076440.css ... 
2018-05-28 02:09:30 +0000  29988 bytes for ./www/static/css/pages/cash-identity-submit.21dd1fdf49f94627355ee8b063076440.css
copying file ./www/static/css/pages/cash-contact-submit.e2b364e01d12f200874bd07c0b4bb73a.css ... 
2018-05-28 02:09:30 +0000  42424 bytes for ./www/static/css/pages/cash-contact-submit.e2b364e01d12f200874bd07c0b4bb73a.css
copying file ./www/static/css/pages/order-list.18b38769a3eeae8c6431145942a1f220.css ... 
2018-05-28 02:09:30 +0000  30739 bytes for ./www/static/css/pages/order-list.18b38769a3eeae8c6431145942a1f220.css
copying file ./www/static/css/pages/review-page.54ae9471b9202a713afc1961210c7d95.css ... 
2018-05-28 02:09:30 +0000  28635 bytes for ./www/static/css/pages/review-page.54ae9471b9202a713afc1961210c7d95.css
2018-05-28 02:09:30 +0000  copying file ./www/static/css/pages/select-product.26533ebde6cfba354eabca77c283dc55.css ... 
2018-05-28 02:09:30 +0000  40134 bytes for ./www/static/css/pages/select-product.26533ebde6cfba354eabca77c283dc55.css
copying file ./www/static/css/pages/repurchase-page.9b6a00b9135b3c303e78d04b8a9e1b84.css ... 
2018-05-28 02:09:30 +0000  28612 bytes for ./www/static/css/pages/repurchase-page.9b6a00b9135b3c303e78d04b8a9e1b84.css
copying file ./www/static/css/pages/cash-submit.8ea87d50cdbfe522c953d89d2de81840.css ... 
2018-05-28 02:09:30 +0000  33026 bytes for ./www/static/css/pages/cash-submit.8ea87d50cdbfe522c953d89d2de81840.css
2018-05-28 02:09:30 +0000  copying file ./www/static/css/pages/my-page.fa8a1bbc43126b1d7c32103b272ea7a5.css ... 
2018-05-28 02:09:30 +0000  36266 bytes for ./www/static/css/pages/my-page.fa8a1bbc43126b1d7c32103b272ea7a5.css
copying file ./www/static/css/pages/guide-install-app.9e5500f758912af3f954b32686aa7d9c.css ... 
2018-05-28 02:09:30 +0000  28336 bytes for ./www/static/css/pages/guide-install-app.9e5500f758912af3f954b32686aa7d9c.css
copying file ./www/static/css/pages/cash-moreinfo-submit.78642fe3782ed3760f760bd80be42f50.css ... 
2018-05-28 02:09:30 +0000  43216 bytes for ./www/static/css/pages/cash-moreinfo-submit.78642fe3782ed3760f760bd80be42f50.css
2018-05-28 02:09:30 +0000  copying file ./www/static/images/login_icon.f0490c2.png ... 
2018-05-28 02:09:30 +0000  13846 bytes for ./www/static/images/login_icon.f0490c2.png
copying file ./www/static/images/android.90e9269.png ... 
2018-05-28 02:09:30 +0000  96684 bytes for ./www/static/images/android.90e9269.png
2018-05-28 02:09:30 +0000  copying file ./www/static/images/bg3.b1d5495.jpeg ... 
2018-05-28 02:09:30 +0000  92489 bytes for ./www/static/images/bg3.b1d5495.jpeg
copying file ./www/static/images/home.png ... 
2018-05-28 02:09:30 +0000  451 bytes for ./www/static/images/home.png
copying file ./www/static/images/bg4.9c6c7bb.jpg ... 
2018-05-28 02:09:30 +0000  711087 bytes for ./www/static/images/bg4.9c6c7bb.jpg
2018-05-28 02:09:30 +0000  copying file ./www/static/images/iphone.183e9bd.png ... 
2018-05-28 02:09:30 +0000  15907 bytes for ./www/static/images/iphone.183e9bd.png
copying file ./www/static/images/ios.4ada59b.jpg ... 
2018-05-28 02:09:30 +0000  102669 bytes for ./www/static/images/ios.4ada59b.jpg
copying file ./www/static/images/gps.d4d4a32.png ... 
2018-05-28 02:09:30 +0000  10895 bytes for ./www/static/images/gps.d4d4a32.png
copying file ./www/static/images/my_default.png ... 
2018-05-28 02:09:30 +0000  646 bytes for ./www/static/images/my_default.png
copying file ./www/static/images/my.png ... 
2018-05-28 02:09:30 +0000  412 bytes for ./www/static/images/my.png
2018-05-28 02:09:30 +0000  copying file ./www/static/images/bg1.b5ddb50.jpg ... 
2018-05-28 02:09:30 +0000  81045 bytes for ./www/static/images/bg1.b5ddb50.jpg
copying file ./www/static/images/home_default.png ... 
2018-05-28 02:09:30 +0000  539 bytes for ./www/static/images/home_default.png
copying file ./www/static/images/newbanner.2dd6b4a.png ... 
2018-05-28 02:09:30 +0000  214798 bytes for ./www/static/images/newbanner.2dd6b4a.png
2018-05-28 02:09:30 +0000  copying file ./www/static/js/jSignature.min.js ... 
2018-05-28 02:09:30 +0000  23823 bytes for ./www/static/js/jSignature.min.js
copying file ./www/static/js/vendor.b9f033c4838c639d5ecb.js ... 
2018-05-28 02:09:30 +0000  605239 bytes for ./www/static/js/vendor.b9f033c4838c639d5ecb.js
2018-05-28 02:09:30 +0000  copying file ./www/static/js/html2canvas.min.js ... 
2018-05-28 02:09:30 +0000  89644 bytes for ./www/static/js/html2canvas.min.js
copying file ./www/static/js/manifest.e3c5b2fb95353263be83.js ... 
2018-05-28 02:09:30 +0000  1230 bytes for ./www/static/js/manifest.e3c5b2fb95353263be83.js
copying file ./www/static/js/jquery-1.4.4.min.js ... 
2018-05-28 02:09:30 +0000  78601 bytes for ./www/static/js/jquery-1.4.4.min.js
2018-05-28 02:09:30 +0000  copying file ./www/static/js/pages/renew-lease-page.3d1aa6a3b953988cede8.js ... 
2018-05-28 02:09:30 +0000  44317 bytes for ./www/static/js/pages/renew-lease-page.3d1aa6a3b953988cede8.js
copying file ./www/static/js/pages/review-page.90b9be8b74a6adc65736.js ... 
2018-05-28 02:09:30 +0000  42190 bytes for ./www/static/js/pages/review-page.90b9be8b74a6adc65736.js
2018-05-28 02:09:30 +0000  copying file ./www/static/js/pages/guide-install-app.0a83fd542ea02578bcc5.js ... 
2018-05-28 02:09:30 +0000  41089 bytes for ./www/static/js/pages/guide-install-app.0a83fd542ea02578bcc5.js
copying file ./www/static/js/pages/aiguigou-download.96cc32f13d310f824cfe.js ... 
2018-05-28 02:09:30 +0000  42094 bytes for ./www/static/js/pages/aiguigou-download.96cc32f13d310f824cfe.js
copying file ./www/static/js/pages/repurchase-page.8304e3806f304e0174d7.js ... 
2018-05-28 02:09:30 +0000  42171 bytes for ./www/static/js/pages/repurchase-page.8304e3806f304e0174d7.js
2018-05-28 02:09:30 +0000  copying file ./www/static/js/pages/user-login.6165ebb4d0315cb8be35.js ... 
2018-05-28 02:09:30 +0000  75685 bytes for ./www/static/js/pages/user-login.6165ebb4d0315cb8be35.js
copying file ./www/static/js/pages/recycling-pay-page.864515f3c30576bf6f55.js ... 
2018-05-28 02:09:30 +0000  41029 bytes for ./www/static/js/pages/recycling-pay-page.864515f3c30576bf6f55.js
2018-05-28 02:09:30 +0000  copying file ./www/static/js/pages/my-page.56f97730e1e7e7898f70.js ... 
2018-05-28 02:09:30 +0000  42483 bytes for ./www/static/js/pages/my-page.56f97730e1e7e7898f70.js
2018-05-28 02:09:30 +0000  copying file ./www/static/js/pages/cash-submit.d57da1e1177222336b2c.js ... 
2018-05-28 02:09:30 +0000  52516 bytes for ./www/static/js/pages/cash-submit.d57da1e1177222336b2c.js
2018-05-28 02:09:30 +0000  copying file ./www/static/js/pages/cash-moreinfo-submit.98880bc1b4296755d2bc.js ... 
2018-05-28 02:09:30 +0000  257005 bytes for ./www/static/js/pages/cash-moreinfo-submit.98880bc1b4296755d2bc.js
2018-05-28 02:09:30 +0000  copying file ./www/static/js/pages/order-info.4c85178f021d24fdf4f1.js ... 
2018-05-28 02:09:30 +0000  85359 bytes for ./www/static/js/pages/order-info.4c85178f021d24fdf4f1.js
2018-05-28 02:09:30 +0000  copying file ./www/static/js/pages/app-download.a021713fd494472f4ac3.js ... 
2018-05-28 02:09:30 +0000  41260 bytes for ./www/static/js/pages/app-download.a021713fd494472f4ac3.js
2018-05-28 02:09:30 +0000  copying file ./www/static/js/pages/select-product.3904f8f9521f67f0c315.js ... 
2018-05-28 02:09:30 +0000  75464 bytes for ./www/static/js/pages/select-product.3904f8f9521f67f0c315.js
2018-05-28 02:09:30 +0000  copying file ./www/static/js/pages/ll2pay-page.e8bbb0c36d1e7afc0aa9.js ... 
2018-05-28 02:09:30 +0000  41680 bytes for ./www/static/js/pages/ll2pay-page.e8bbb0c36d1e7afc0aa9.js
2018-05-28 02:09:30 +0000  copying file ./www/static/js/pages/cash-contact-submit.32d1eb48fd5cdbbf03ca.js ... 
2018-05-28 02:09:30 +0000  89064 bytes for ./www/static/js/pages/cash-contact-submit.32d1eb48fd5cdbbf03ca.js
copying file ./www/static/js/pages/cash-identity-submit.bba6671516c90bb2d3c1.js ... 
2018-05-28 02:09:30 +0000  90088 bytes for ./www/static/js/pages/cash-identity-submit.bba6671516c90bb2d3c1.js
2018-05-28 02:09:30 +0000  copying file ./www/static/js/pages/order-list.dabb2011f1678094a5b7.js ... 
2018-05-28 02:09:30 +0000  44030 bytes for ./www/static/js/pages/order-list.dabb2011f1678094a5b7.js
2018-05-28 02:09:30 +0000  copying file ./www/cordova-js-src/exec.js ... 
2018-05-28 02:09:30 +0000  8877 bytes for ./www/cordova-js-src/exec.js
2018-05-28 02:09:30 +0000  copying file ./www/cordova-js-src/plugin/ios/logger.js ... 
2018-05-28 02:09:30 +0000  10233 bytes for ./www/cordova-js-src/plugin/ios/logger.js
copying file ./www/cordova-js-src/plugin/ios/console.js ... 
2018-05-28 02:09:30 +0000  6822 bytes for ./www/cordova-js-src/plugin/ios/console.js
2018-05-28 02:09:30 +0000  copying file ./www/cordova-js-src/platform.js ... 
2018-05-28 02:09:30 +0000  1168 bytes for ./www/cordova-js-src/platform.js
2018-05-28 02:09:30 +0000  copying file ./www/cordova_plugins.js ... 
2018-05-28 02:09:30 +0000  5274 bytes for ./www/cordova_plugins.js
2018-05-28 02:09:30 +0000  copying file ./www/pages/cash-contact-submit.html ... 
2018-05-28 02:09:30 +0000  2300 bytes for ./www/pages/cash-contact-submit.html
2018-05-28 02:09:30 +0000  copying file ./www/pages/recycling-pay-page.html ... 
2018-05-28 02:09:30 +0000  2295 bytes for ./www/pages/recycling-pay-page.html
2018-05-28 02:09:30 +0000  copying file ./www/pages/renew-lease-page.html ... 
2018-05-28 02:09:30 +0000  2291 bytes for ./www/pages/renew-lease-page.html
2018-05-28 02:09:30 +0000  copying file ./www/pages/app-download.html ... 
2018-05-28 02:09:30 +0000  2289 bytes for ./www/pages/app-download.html
2018-05-28 02:09:30 +0000  copying file ./www/pages/order-info.html ... 
2018-05-28 02:09:30 +0000  2285 bytes for ./www/pages/order-info.html
2018-05-28 02:09:30 +0000  copying file ./www/pages/cash-moreinfo-submit.html ... 
2018-05-28 02:09:30 +0000  2305 bytes for ./www/pages/cash-moreinfo-submit.html
2018-05-28 02:09:30 +0000  copying file ./www/pages/order-list.html ... 
2018-05-28 02:09:30 +0000  3027 bytes for ./www/pages/order-list.html
2018-05-28 02:09:30 +0000  copying file ./www/pages/review-page.html ... 
2018-05-28 02:09:30 +0000  2281 bytes for ./www/pages/review-page.html
2018-05-28 02:09:30 +0000  copying file ./www/pages/ll2pay-page.html ... 
2018-05-28 02:09:30 +0000  2287 bytes for ./www/pages/ll2pay-page.html
2018-05-28 02:09:30 +0000  copying file ./www/pages/cash-identity-submit.html ... 
2018-05-28 02:09:30 +0000  2299 bytes for ./www/pages/cash-identity-submit.html
2018-05-28 02:09:30 +0000  copying file ./www/pages/cash-submit.html ... 
2018-05-28 02:09:30 +0000  2287 bytes for ./www/pages/cash-submit.html
2018-05-28 02:09:30 +0000  copying file ./www/pages/guide-install-app.html ... 
2018-05-28 02:09:30 +0000  2302 bytes for ./www/pages/guide-install-app.html
2018-05-28 02:09:30 +0000  copying file ./www/pages/user-login.html ... 
2018-05-28 02:09:30 +0000  2239 bytes for ./www/pages/user-login.html
copying file ./www/pages/repurchase-page.html ... 
2018-05-28 02:09:30 +0000  2289 bytes for ./www/pages/repurchase-page.html
2018-05-28 02:09:30 +0000  copying file ./www/pages/select-product.html ... 
2018-05-28 02:09:30 +0000  2989 bytes for ./www/pages/select-product.html
copying file ./www/pages/my-page.html ... 
2018-05-28 02:09:30 +0000  2969 bytes for ./www/pages/my-page.html
copying file ./www/pages/aiguigou-download.html ... 
2018-05-28 02:09:30 +0000  2299 bytes for ./www/pages/aiguigou-download.html
2018-05-28 02:09:30 +0000  copying file ./Assets.car ... 
2018-05-28 02:09:30 +0000  96328 bytes for ./Assets.car
copying file ./AppIcon40x40@2x~ipad.png ... 
2018-05-28 02:09:30 +0000  3072 bytes for ./AppIcon40x40@2x~ipad.png
2018-05-28 02:09:30 +0000  copying file ./AppIcon76x76@2x~ipad.png ... 
2018-05-28 02:09:30 +0000  5989 bytes for ./AppIcon76x76@2x~ipad.png
2018-05-28 02:09:30 +0000  copying file ./LaunchImage-800-Portrait-736h@3x.png ... 
2018-05-28 02:09:30 +0000  31588 bytes for ./LaunchImage-800-Portrait-736h@3x.png
copying file ./AppIcon72x72~ipad.png ... 
2018-05-28 02:09:30 +0000  2802 bytes for ./AppIcon72x72~ipad.png
2018-05-28 02:09:30 +0000  copying file ./CDVLaunchScreen.storyboardc/01J-lp-oVM-view-Ze5-6b-2t3.nib ... 
2018-05-28 02:09:30 +0000  2280 bytes for ./CDVLaunchScreen.storyboardc/01J-lp-oVM-view-Ze5-6b-2t3.nib
copying file ./CDVLaunchScreen.storyboardc/UIViewController-01J-lp-oVM.nib ... 
2018-05-28 02:09:30 +0000  832 bytes for ./CDVLaunchScreen.storyboardc/UIViewController-01J-lp-oVM.nib
copying file ./CDVLaunchScreen.storyboardc/Info.plist ... 
2018-05-28 02:09:30 +0000  258 bytes for ./CDVLaunchScreen.storyboardc/Info.plist
2018-05-28 02:09:30 +0000  copying file ./LaunchImage-700@2x.png ... 
2018-05-28 02:09:30 +0000  12128 bytes for ./LaunchImage-700@2x.png
2018-05-28 02:09:30 +0000  copying file ./LaunchImage-700-568h@2x.png ... 
2018-05-28 02:09:30 +0000  12807 bytes for ./LaunchImage-700-568h@2x.png
2018-05-28 02:09:30 +0000  copying file ./CDVNotification.bundle/beep.wav ... 
2018-05-28 02:09:30 +0000  8114 bytes for ./CDVNotification.bundle/beep.wav
2018-05-28 02:09:30 +0000  copying file ./AppIcon50x50~ipad.png ... 
2018-05-28 02:09:30 +0000  1941 bytes for ./AppIcon50x50~ipad.png
copying file ./AppIcon29x29@2x~ipad.png ... 
2018-05-28 02:09:30 +0000  2076 bytes for ./AppIcon29x29@2x~ipad.png
copying file ./AppIcon50x50@2x~ipad.png ... 
2018-05-28 02:09:30 +0000  3953 bytes for ./AppIcon50x50@2x~ipad.png
2018-05-28 02:09:30 +0000  copying file ./AppIcon40x40~ipad.png ... 
2018-05-28 02:09:30 +0000  1441 bytes for ./AppIcon40x40~ipad.png
copying file ./LaunchImage.png ... 
2018-05-28 02:09:30 +0000  20021 bytes for ./LaunchImage.png
copying file ./embedded.mobileprovision ... 
2018-05-28 02:09:30 +0000  8621 bytes for ./embedded.mobileprovision
2018-05-28 02:09:30 +0000  copying file ./LaunchImage-800-Landscape-736h@3x.png ... 
2018-05-28 02:09:30 +0000  63597 bytes for ./LaunchImage-800-Landscape-736h@3x.png
copying file ./AppIcon20x20@2x~ipad.png ... 
2018-05-28 02:09:30 +0000  1441 bytes for ./AppIcon20x20@2x~ipad.png
copying file ./Info.plist ... 
2018-05-28 02:09:30 +0000  2116 bytes for ./Info.plist
2018-05-28 02:09:30 +0000  copying file ./PkgInfo ... 
2018-05-28 02:09:30 +0000  8 bytes for ./PkgInfo
copying file ./AppIcon76x76~ipad.png ... 
2018-05-28 02:09:30 +0000  2959 bytes for ./AppIcon76x76~ipad.png
2018-05-28 02:09:30 +0000  2018-05-28 02:09:30 +0000  

2018-05-28 02:09:30 +0000  /usr/bin/ditto exited with 0
2018-05-28 02:09:30 +0000  2018-05-28 02:09:30 +0000  

2018-05-28 02:09:30 +0000  Processing step: IDEDistributionEmbedProfileStep
2018-05-28 02:09:30 +0000  Processing step: IDEDistributionAppThinningPlistStep
2018-05-28 02:09:30 +0000  Skipping step: IDEDistributionAppThinningPlistStep because it said so
2018-05-28 02:09:30 +0000  Processing step: IDEDistributionCompileBitcodeStep
2018-05-28 02:09:30 +0000  Skipping step: IDEDistributionCompileBitcodeStep because it said so
2018-05-28 02:09:30 +0000  Processing step: IDEDistributionCodeSlimmingStep
2018-05-28 02:09:30 +0000  Processing step: IDEDistributionCopyBCSymbolMapsStep
2018-05-28 02:09:30 +0000  Skipping step: IDEDistributionCopyBCSymbolMapsStep because it said so
2018-05-28 02:09:30 +0000  Processing step: IDEDistributionSymbolsStep
2018-05-28 02:09:30 +0000  Skipping step: IDEDistributionSymbolsStep because it said so
2018-05-28 02:09:30 +0000  Processing step: IDEDistributionAppThinningStep
2018-05-28 02:09:30 +0000  Skipping step: IDEDistributionAppThinningStep because it said so
2018-05-28 02:09:30 +0000  Processing step: IDEDistributionODRStep
2018-05-28 02:09:30 +0000  Processing step: IDEDistributionStripXattrsStep
2018-05-28 02:09:30 +0000  Running /usr/bin/xattr '-crs' '/var/folders/24/lhhkn5p146sfc40651lqxk8w0000gn/T/XcodeDistPipeline.R7D/Root/Payload/爱回购.app'
2018-05-28 02:09:30 +0000  2018-05-28 02:09:30 +0000  
2018-05-28 02:09:30 +0000  /usr/bin/xattr exited with 0

2018-05-28 02:09:30 +0000  
2018-05-28 02:09:30 +0000  Processing step: IDEDistributionCodesignStep
2018-05-28 02:09:30 +0000  Entitlements for <IDEDistributionItem: 0x7ff057d9b020 'com.credan.aihuigou' '<DVTFilePath:0x7ff0552cd1a0:'/Users/mzr/Library/Developer/Xcode/Archives/2018-05-28/爱回购 2018-5-28 上午10.09.xcarchive/Products/Applications/爱回购.app'>'>: {
    "application-identifier" = "5DCJQFRRP3.com.credan.aihuigou";
    "com.apple.developer.team-identifier" = 5DCJQFRRP3;
    "get-task-allow" = 0;
}
2018-05-28 02:09:30 +0000  Writing entitlements for <IDEDistributionItem: 0x7ff057d9b020 'com.credan.aihuigou' '<DVTFilePath:0x7ff0552cd1a0:'/Users/mzr/Library/Developer/Xcode/Archives/2018-05-28/爱回购 2018-5-28 上午10.09.xcarchive/Products/Applications/爱回购.app'>'> to: /var/folders/24/lhhkn5p146sfc40651lqxk8w0000gn/T/XcodeDistPipeline.R7D/entitlements5fHEmv
2018-05-28 02:09:30 +0000  Running /usr/bin/codesign '-vvv' '--force' '--sign' '62B40684050F0261AC2742693B932EB9C031764F' '--preserve-metadata=identifier,flags' '--entitlements' '/var/folders/24/lhhkn5p146sfc40651lqxk8w0000gn/T/XcodeDistPipeline.R7D/entitlements5fHEmv' '/var/folders/24/lhhkn5p146sfc40651lqxk8w0000gn/T/XcodeDistPipeline.R7D/Root/Payload/爱回购.app'
2018-05-28 02:09:30 +0000  /var/folders/24/lhhkn5p146sfc40651lqxk8w0000gn/T/XcodeDistPipeline.R7D/Root/Payload/爱回购.app: replacing existing signature
2018-05-28 02:09:30 +0000  /var/folders/24/lhhkn5p146sfc40651lqxk8w0000gn/T/XcodeDistPipeline.R7D/Root/Payload/爱回购.app: signed app bundle with Mach-O universal (armv7 arm64) [com.credan.aihuigou]
2018-05-28 02:09:30 +0000  
2018-05-28 02:09:30 +0000  2018-05-28 02:09:30 +0000  /usr/bin/codesign exited with 0

2018-05-28 02:09:30 +0000  
2018-05-28 02:09:30 +0000  Processing step: IDEDistributionStreamingZipItemStep
2018-05-28 02:09:30 +0000  Skipping step: IDEDistributionStreamingZipItemStep because it said so
2018-05-28 02:09:30 +0000  Processing step: IDEDistributionCreateIPAStep
2018-05-28 02:09:30 +0000  Running /usr/bin/ditto '-V' '-c' '-k' '--norsrc' '/var/folders/24/lhhkn5p146sfc40651lqxk8w0000gn/T/XcodeDistPipeline.R7D/Root' '/var/folders/24/lhhkn5p146sfc40651lqxk8w0000gn/T/XcodeDistPipeline.R7D/Packages/爱回购.ipa'
2018-05-28 02:09:31 +0000  >>> Copying /var/folders/24/lhhkn5p146sfc40651lqxk8w0000gn/T/XcodeDistPipeline.R7D/Root 
2018-05-28 02:09:31 +0000  copying file ./Payload/爱回购.app/_CodeSignature/CodeResources ... 
2018-05-28 02:09:31 +0000  48051 bytes for ./Payload/爱回购.app/_CodeSignature/CodeResources
2018-05-28 02:09:31 +0000  copying file ./Payload/爱回购.app/LaunchImage@2x.png ... 
2018-05-28 02:09:31 +0000  12128 bytes for ./Payload/爱回购.app/LaunchImage@2x.png
copying file ./Payload/爱回购.app/AppIcon20x20@2x.png ... 
2018-05-28 02:09:31 +0000  1441 bytes for ./Payload/爱回购.app/AppIcon20x20@2x.png
copying file ./Payload/爱回购.app/MainViewController.nib ... 
2018-05-28 02:09:31 +0000  943 bytes for ./Payload/爱回购.app/MainViewController.nib
copying file ./Payload/爱回购.app/AppIcon57x57.png ... 
2018-05-28 02:09:31 +0000  2031 bytes for ./Payload/爱回购.app/AppIcon57x57.png
2018-05-28 02:09:31 +0000  copying file ./Payload/爱回购.app/爱回购 ... 
2018-05-28 02:09:31 +0000  747488 bytes for ./Payload/爱回购.app/爱回购
copying file ./Payload/爱回购.app/AppIcon29x29.png ... 
2018-05-28 02:09:31 +0000  1037 bytes for ./Payload/爱回购.app/AppIcon29x29.png
copying file ./Payload/爱回购.app/LaunchImage-568h@2x.png ... 
2018-05-28 02:09:31 +0000  12807 bytes for ./Payload/爱回购.app/LaunchImage-568h@2x.png
copying file ./Payload/爱回购.app/AppIcon60x60@2x.png ... 
2018-05-28 02:09:31 +0000  4657 bytes for ./Payload/爱回购.app/AppIcon60x60@2x.png
copying file ./Payload/爱回购.app/AppIcon72x72@2x~ipad.png ... 
2018-05-28 02:09:31 +0000  5609 bytes for ./Payload/爱回购.app/AppIcon72x72@2x~ipad.png
copying file ./Payload/爱回购.app/AppIcon29x29@2x.png ... 
2018-05-28 02:09:31 +0000  2076 bytes for ./Payload/爱回购.app/AppIcon29x29@2x.png
2018-05-28 02:09:31 +0000  copying file ./Payload/爱回购.app/LaunchImage-800-667h@2x.png ... 
2018-05-28 02:09:31 +0000  15550 bytes for ./Payload/爱回购.app/LaunchImage-800-667h@2x.png
copying file ./Payload/爱回购.app/AppIcon40x40@3x.png ... 
2018-05-28 02:09:31 +0000  4657 bytes for ./Payload/爱回购.app/AppIcon40x40@3x.png
copying file ./Payload/爱回购.app/AppIcon57x57@2x.png ... 
2018-05-28 02:09:31 +0000  4415 bytes for ./Payload/爱回购.app/AppIcon57x57@2x.png
copying file ./Payload/爱回购.app/AppIcon29x29~ipad.png ... 
2018-05-28 02:09:31 +0000  1037 bytes for ./Payload/爱回购.app/AppIcon29x29~ipad.png
copying file ./Payload/爱回购.app/AppIcon40x40@2x.png ... 
2018-05-28 02:09:31 +0000  3072 bytes for ./Payload/爱回购.app/AppIcon40x40@2x.png
2018-05-28 02:09:31 +0000  copying file ./Payload/爱回购.app/AppIcon60x60@3x.png ... 
2018-05-28 02:09:31 +0000  7077 bytes for ./Payload/爱回购.app/AppIcon60x60@3x.png
2018-05-28 02:09:31 +0000  copying file ./Payload/爱回购.app/config.xml ... 
2018-05-28 02:09:31 +0000  5203 bytes for ./Payload/爱回购.app/config.xml
copying file ./Payload/爱回购.app/www/cordova.js ... 
2018-05-28 02:09:31 +0000  78044 bytes for ./Payload/爱回购.app/www/cordova.js
2018-05-28 02:09:31 +0000  copying file ./Payload/爱回购.app/www/plugins/cordova-plugin-brightness/www/brightness.js ... 
2018-05-28 02:09:31 +0000  519 bytes for ./Payload/爱回购.app/www/plugins/cordova-plugin-brightness/www/brightness.js
2018-05-28 02:09:31 +0000  copying file ./Payload/爱回购.app/www/plugins/cordova-plugin-inappbrowser/www/inappbrowser.js ... 
2018-05-28 02:09:31 +0000  4485 bytes for ./Payload/爱回购.app/www/plugins/cordova-plugin-inappbrowser/www/inappbrowser.js
2018-05-28 02:09:31 +0000  copying file ./Payload/爱回购.app/www/plugins/cordova-plugin-device/www/device.js ... 
2018-05-28 02:09:31 +0000  3070 bytes for ./Payload/爱回购.app/www/plugins/cordova-plugin-device/www/device.js
2018-05-28 02:09:31 +0000  copying file ./Payload/爱回购.app/www/plugins/cordova-plugin-geolocation/www/geolocation.js ... 
2018-05-28 02:09:31 +0000  8629 bytes for ./Payload/爱回购.app/www/plugins/cordova-plugin-geolocation/www/geolocation.js
copying file ./Payload/爱回购.app/www/plugins/cordova-plugin-geolocation/www/PositionError.js ... 
2018-05-28 02:09:31 +0000  1376 bytes for ./Payload/爱回购.app/www/plugins/cordova-plugin-geolocation/www/PositionError.js
copying file ./Payload/爱回购.app/www/plugins/cordova-plugin-geolocation/www/Coordinates.js ... 
2018-05-28 02:09:31 +0000  2075 bytes for ./Payload/爱回购.app/www/plugins/cordova-plugin-geolocation/www/Coordinates.js
copying file ./Payload/爱回购.app/www/plugins/cordova-plugin-geolocation/www/Position.js ... 
2018-05-28 02:09:31 +0000  1358 bytes for ./Payload/爱回购.app/www/plugins/cordova-plugin-geolocation/www/Position.js
2018-05-28 02:09:31 +0000  copying file ./Payload/爱回购.app/www/plugins/cordova-plugin-contacts/www/ContactError.js ... 
2018-05-28 02:09:31 +0000  1479 bytes for ./Payload/爱回购.app/www/plugins/cordova-plugin-contacts/www/ContactError.js
copying file ./Payload/爱回购.app/www/plugins/cordova-plugin-contacts/www/ContactAddress.js ... 
2018-05-28 02:09:31 +0000  1668 bytes for ./Payload/爱回购.app/www/plugins/cordova-plugin-contacts/www/ContactAddress.js
2018-05-28 02:09:31 +0000  copying file ./Payload/爱回购.app/www/plugins/cordova-plugin-contacts/www/ContactFindOptions.js ... 
2018-05-28 02:09:31 +0000  1648 bytes for ./Payload/爱回购.app/www/plugins/cordova-plugin-contacts/www/ContactFindOptions.js
copying file ./Payload/爱回购.app/www/plugins/cordova-plugin-contacts/www/ContactField.js ... 
2018-05-28 02:09:31 +0000  1376 bytes for ./Payload/爱回购.app/www/plugins/cordova-plugin-contacts/www/ContactField.js
copying file ./Payload/爱回购.app/www/plugins/cordova-plugin-contacts/www/ContactOrganization.js ... 
2018-05-28 02:09:31 +0000  1355 bytes for ./Payload/爱回购.app/www/plugins/cordova-plugin-contacts/www/ContactOrganization.js
copying file ./Payload/爱回购.app/www/plugins/cordova-plugin-contacts/www/contacts.js ... 
2018-05-28 02:09:31 +0000  3755 bytes for ./Payload/爱回购.app/www/plugins/cordova-plugin-contacts/www/contacts.js
copying file ./Payload/爱回购.app/www/plugins/cordova-plugin-contacts/www/ios/contacts.js ... 
2018-05-28 02:09:31 +0000  2470 bytes for ./Payload/爱回购.app/www/plugins/cordova-plugin-contacts/www/ios/contacts.js
copying file ./Payload/爱回购.app/www/plugins/cordova-plugin-contacts/www/ios/Contact.js ... 
2018-05-28 02:09:31 +0000  1829 bytes for ./Payload/爱回购.app/www/plugins/cordova-plugin-contacts/www/ios/Contact.js
copying file ./Payload/爱回购.app/www/plugins/cordova-plugin-contacts/www/ContactName.js ... 
2018-05-28 02:09:31 +0000  1455 bytes for ./Payload/爱回购.app/www/plugins/cordova-plugin-contacts/www/ContactName.js
copying file ./Payload/爱回购.app/www/plugins/cordova-plugin-contacts/www/Contact.js ... 
2018-05-28 02:09:31 +0000  4877 bytes for ./Payload/爱回购.app/www/plugins/cordova-plugin-contacts/www/Contact.js
copying file ./Payload/爱回购.app/www/plugins/cordova-plugin-contacts/www/convertUtils.js ... 
2018-05-28 02:09:31 +0000  2384 bytes for ./Payload/爱回购.app/www/plugins/cordova-plugin-contacts/www/convertUtils.js
2018-05-28 02:09:31 +0000  copying file ./Payload/爱回购.app/www/plugins/cordova-plugin-contacts/www/ContactFieldType.js ... 
2059 bytes for ./Payload/爱回购.app/www/plugins/cordova-plugin-contacts/www/ContactFieldType.js
2018-05-28 02:09:31 +0000  copying file ./Payload/爱回购.app/www/plugins/ToSafari/www/ToSafari.js ... 
2018-05-28 02:09:31 +0000  229 bytes for ./Payload/爱回购.app/www/plugins/ToSafari/www/ToSafari.js
2018-05-28 02:09:31 +0000  copying file ./Payload/爱回购.app/www/plugins/cordova-plugin-dialogs/www/notification.js ... 
2018-05-28 02:09:31 +0000  6013 bytes for ./Payload/爱回购.app/www/plugins/cordova-plugin-dialogs/www/notification.js
2018-05-28 02:09:31 +0000  copying file ./Payload/爱回购.app/www/plugins/cordova-plugin-splashscreen/www/splashscreen.js ... 
2018-05-28 02:09:31 +0000  1173 bytes for ./Payload/爱回购.app/www/plugins/cordova-plugin-splashscreen/www/splashscreen.js
2018-05-28 02:09:31 +0000  copying file ./Payload/爱回购.app/www/static/css/pdf_viewer.css ... 
2018-05-28 02:09:31 +0000  8172 bytes for ./Payload/爱回购.app/www/static/css/pdf_viewer.css
2018-05-28 02:09:31 +0000  copying file ./Payload/爱回购.app/www/static/css/pages/ll2pay-page.f74948348e10f397a693aebe6505aa8e.css ... 
2018-05-28 02:09:31 +0000  28211 bytes for ./Payload/爱回购.app/www/static/css/pages/ll2pay-page.f74948348e10f397a693aebe6505aa8e.css
copying file ./Payload/爱回购.app/www/static/css/pages/recycling-pay-page.a9906919678034ed3a0c6cc91b2e3b57.css ... 
2018-05-28 02:09:31 +0000  28114 bytes for ./Payload/爱回购.app/www/static/css/pages/recycling-pay-page.a9906919678034ed3a0c6cc91b2e3b57.css
copying file ./Payload/爱回购.app/www/static/css/pages/order-info.2397e5b4389dc6b2b59789439d9312ef.css ... 
2018-05-28 02:09:31 +0000  33171 bytes for ./Payload/爱回购.app/www/static/css/pages/order-info.2397e5b4389dc6b2b59789439d9312ef.css
copying file ./Payload/爱回购.app/www/static/css/pages/app-download.a4032890eca6081eca6e4811e3de10db.css ... 
2018-05-28 02:09:31 +0000  28292 bytes for ./Payload/爱回购.app/www/static/css/pages/app-download.a4032890eca6081eca6e4811e3de10db.css
copying file ./Payload/爱回购.app/www/static/css/pages/user-login.6f9aa7febb8161b5d6e75eb9552ba7ed.css ... 
2018-05-28 02:09:31 +0000  32754 bytes for ./Payload/爱回购.app/www/static/css/pages/user-login.6f9aa7febb8161b5d6e75eb9552ba7ed.css
copying file ./Payload/爱回购.app/www/static/css/pages/renew-lease-page.de61f22035d352cd53d7adacbeeb71b0.css ... 
2018-05-28 02:09:31 +0000  29007 bytes for ./Payload/爱回购.app/www/static/css/pages/renew-lease-page.de61f22035d352cd53d7adacbeeb71b0.css
copying file ./Payload/爱回购.app/www/static/css/pages/aiguigou-download.79a442f6b92fbab3756bd27ff9d757e5.css ... 
2018-05-28 02:09:31 +0000  37447 bytes for ./Payload/爱回购.app/www/static/css/pages/aiguigou-download.79a442f6b92fbab3756bd27ff9d757e5.css
2018-05-28 02:09:31 +0000  copying file ./Payload/爱回购.app/www/static/css/pages/cash-identity-submit.21dd1fdf49f94627355ee8b063076440.css ... 
2018-05-28 02:09:31 +0000  29988 bytes for ./Payload/爱回购.app/www/static/css/pages/cash-identity-submit.21dd1fdf49f94627355ee8b063076440.css
2018-05-28 02:09:31 +0000  copying file ./Payload/爱回购.app/www/static/css/pages/cash-contact-submit.e2b364e01d12f200874bd07c0b4bb73a.css ... 
2018-05-28 02:09:31 +0000  42424 bytes for ./Payload/爱回购.app/www/static/css/pages/cash-contact-submit.e2b364e01d12f200874bd07c0b4bb73a.css
2018-05-28 02:09:31 +0000  copying file ./Payload/爱回购.app/www/static/css/pages/order-list.18b38769a3eeae8c6431145942a1f220.css ... 
2018-05-28 02:09:31 +0000  30739 bytes for ./Payload/爱回购.app/www/static/css/pages/order-list.18b38769a3eeae8c6431145942a1f220.css
2018-05-28 02:09:31 +0000  copying file ./Payload/爱回购.app/www/static/css/pages/review-page.54ae9471b9202a713afc1961210c7d95.css ... 
2018-05-28 02:09:31 +0000  28635 bytes for ./Payload/爱回购.app/www/static/css/pages/review-page.54ae9471b9202a713afc1961210c7d95.css
2018-05-28 02:09:31 +0000  copying file ./Payload/爱回购.app/www/static/css/pages/select-product.26533ebde6cfba354eabca77c283dc55.css ... 
2018-05-28 02:09:31 +0000  40134 bytes for ./Payload/爱回购.app/www/static/css/pages/select-product.26533ebde6cfba354eabca77c283dc55.css
2018-05-28 02:09:31 +0000  copying file ./Payload/爱回购.app/www/static/css/pages/repurchase-page.9b6a00b9135b3c303e78d04b8a9e1b84.css ... 
2018-05-28 02:09:31 +0000  28612 bytes for ./Payload/爱回购.app/www/static/css/pages/repurchase-page.9b6a00b9135b3c303e78d04b8a9e1b84.css
copying file ./Payload/爱回购.app/www/static/css/pages/cash-submit.8ea87d50cdbfe522c953d89d2de81840.css ... 
2018-05-28 02:09:31 +0000  33026 bytes for ./Payload/爱回购.app/www/static/css/pages/cash-submit.8ea87d50cdbfe522c953d89d2de81840.css
copying file ./Payload/爱回购.app/www/static/css/pages/my-page.fa8a1bbc43126b1d7c32103b272ea7a5.css ... 
2018-05-28 02:09:31 +0000  36266 bytes for ./Payload/爱回购.app/www/static/css/pages/my-page.fa8a1bbc43126b1d7c32103b272ea7a5.css
copying file ./Payload/爱回购.app/www/static/css/pages/guide-install-app.9e5500f758912af3f954b32686aa7d9c.css ... 
2018-05-28 02:09:31 +0000  28336 bytes for ./Payload/爱回购.app/www/static/css/pages/guide-install-app.9e5500f758912af3f954b32686aa7d9c.css
copying file ./Payload/爱回购.app/www/static/css/pages/cash-moreinfo-submit.78642fe3782ed3760f760bd80be42f50.css ... 
2018-05-28 02:09:31 +0000  43216 bytes for ./Payload/爱回购.app/www/static/css/pages/cash-moreinfo-submit.78642fe3782ed3760f760bd80be42f50.css
2018-05-28 02:09:31 +0000  copying file ./Payload/爱回购.app/www/static/images/login_icon.f0490c2.png ... 
2018-05-28 02:09:31 +0000  13846 bytes for ./Payload/爱回购.app/www/static/images/login_icon.f0490c2.png
copying file ./Payload/爱回购.app/www/static/images/android.90e9269.png ... 
2018-05-28 02:09:31 +0000  96684 bytes for ./Payload/爱回购.app/www/static/images/android.90e9269.png
copying file ./Payload/爱回购.app/www/static/images/bg3.b1d5495.jpeg ... 
2018-05-28 02:09:31 +0000  92489 bytes for ./Payload/爱回购.app/www/static/images/bg3.b1d5495.jpeg
copying file ./Payload/爱回购.app/www/static/images/home.png ... 
2018-05-28 02:09:31 +0000  451 bytes for ./Payload/爱回购.app/www/static/images/home.png
copying file ./Payload/爱回购.app/www/static/images/bg4.9c6c7bb.jpg ... 
2018-05-28 02:09:31 +0000  711087 bytes for ./Payload/爱回购.app/www/static/images/bg4.9c6c7bb.jpg
copying file ./Payload/爱回购.app/www/static/images/iphone.183e9bd.png ... 
2018-05-28 02:09:31 +0000  15907 bytes for ./Payload/爱回购.app/www/static/images/iphone.183e9bd.png
copying file ./Payload/爱回购.app/www/static/images/ios.4ada59b.jpg ... 
2018-05-28 02:09:31 +0000  102669 bytes for ./Payload/爱回购.app/www/static/images/ios.4ada59b.jpg
copying file ./Payload/爱回购.app/www/static/images/gps.d4d4a32.png ... 
2018-05-28 02:09:31 +0000  10895 bytes for ./Payload/爱回购.app/www/static/images/gps.d4d4a32.png
copying file ./Payload/爱回购.app/www/static/images/my_default.png ... 
2018-05-28 02:09:31 +0000  646 bytes for ./Payload/爱回购.app/www/static/images/my_default.png
copying file ./Payload/爱回购.app/www/static/images/my.png ... 
2018-05-28 02:09:31 +0000  412 bytes for ./Payload/爱回购.app/www/static/images/my.png
copying file ./Payload/爱回购.app/www/static/images/bg1.b5ddb50.jpg ... 
2018-05-28 02:09:31 +0000  81045 bytes for ./Payload/爱回购.app/www/static/images/bg1.b5ddb50.jpg
copying file ./Payload/爱回购.app/www/static/images/home_default.png ... 
2018-05-28 02:09:31 +0000  539 bytes for ./Payload/爱回购.app/www/static/images/home_default.png
copying file ./Payload/爱回购.app/www/static/images/newbanner.2dd6b4a.png ... 
2018-05-28 02:09:31 +0000  214798 bytes for ./Payload/爱回购.app/www/static/images/newbanner.2dd6b4a.png
2018-05-28 02:09:31 +0000  copying file ./Payload/爱回购.app/www/static/js/jSignature.min.js ... 
2018-05-28 02:09:31 +0000  23823 bytes for ./Payload/爱回购.app/www/static/js/jSignature.min.js
2018-05-28 02:09:31 +0000  copying file ./Payload/爱回购.app/www/static/js/vendor.b9f033c4838c639d5ecb.js ... 
2018-05-28 02:09:31 +0000  605239 bytes for ./Payload/爱回购.app/www/static/js/vendor.b9f033c4838c639d5ecb.js
copying file ./Payload/爱回购.app/www/static/js/html2canvas.min.js ... 
2018-05-28 02:09:31 +0000  89644 bytes for ./Payload/爱回购.app/www/static/js/html2canvas.min.js
copying file ./Payload/爱回购.app/www/static/js/manifest.e3c5b2fb95353263be83.js ... 
2018-05-28 02:09:31 +0000  1230 bytes for ./Payload/爱回购.app/www/static/js/manifest.e3c5b2fb95353263be83.js
copying file ./Payload/爱回购.app/www/static/js/jquery-1.4.4.min.js ... 
2018-05-28 02:09:31 +0000  78601 bytes for ./Payload/爱回购.app/www/static/js/jquery-1.4.4.min.js
2018-05-28 02:09:31 +0000  copying file ./Payload/爱回购.app/www/static/js/pages/renew-lease-page.3d1aa6a3b953988cede8.js ... 
2018-05-28 02:09:31 +0000  44317 bytes for ./Payload/爱回购.app/www/static/js/pages/renew-lease-page.3d1aa6a3b953988cede8.js
2018-05-28 02:09:31 +0000  copying file ./Payload/爱回购.app/www/static/js/pages/review-page.90b9be8b74a6adc65736.js ... 
2018-05-28 02:09:31 +0000  42190 bytes for ./Payload/爱回购.app/www/static/js/pages/review-page.90b9be8b74a6adc65736.js
copying file ./Payload/爱回购.app/www/static/js/pages/guide-install-app.0a83fd542ea02578bcc5.js ... 
2018-05-28 02:09:31 +0000  41089 bytes for ./Payload/爱回购.app/www/static/js/pages/guide-install-app.0a83fd542ea02578bcc5.js
copying file ./Payload/爱回购.app/www/static/js/pages/aiguigou-download.96cc32f13d310f824cfe.js ... 
2018-05-28 02:09:31 +0000  42094 bytes for ./Payload/爱回购.app/www/static/js/pages/aiguigou-download.96cc32f13d310f824cfe.js
2018-05-28 02:09:31 +0000  copying file ./Payload/爱回购.app/www/static/js/pages/repurchase-page.8304e3806f304e0174d7.js ... 
2018-05-28 02:09:31 +0000  42171 bytes for ./Payload/爱回购.app/www/static/js/pages/repurchase-page.8304e3806f304e0174d7.js
copying file ./Payload/爱回购.app/www/static/js/pages/user-login.6165ebb4d0315cb8be35.js ... 
2018-05-28 02:09:31 +0000  75685 bytes for ./Payload/爱回购.app/www/static/js/pages/user-login.6165ebb4d0315cb8be35.js
copying file ./Payload/爱回购.app/www/static/js/pages/recycling-pay-page.864515f3c30576bf6f55.js ... 
2018-05-28 02:09:31 +0000  41029 bytes for ./Payload/爱回购.app/www/static/js/pages/recycling-pay-page.864515f3c30576bf6f55.js
copying file ./Payload/爱回购.app/www/static/js/pages/my-page.56f97730e1e7e7898f70.js ... 
2018-05-28 02:09:31 +0000  42483 bytes for ./Payload/爱回购.app/www/static/js/pages/my-page.56f97730e1e7e7898f70.js
copying file ./Payload/爱回购.app/www/static/js/pages/cash-submit.d57da1e1177222336b2c.js ... 
2018-05-28 02:09:31 +0000  52516 bytes for ./Payload/爱回购.app/www/static/js/pages/cash-submit.d57da1e1177222336b2c.js
copying file ./Payload/爱回购.app/www/static/js/pages/cash-moreinfo-submit.98880bc1b4296755d2bc.js ... 
2018-05-28 02:09:31 +0000  257005 bytes for ./Payload/爱回购.app/www/static/js/pages/cash-moreinfo-submit.98880bc1b4296755d2bc.js
copying file ./Payload/爱回购.app/www/static/js/pages/order-info.4c85178f021d24fdf4f1.js ... 
2018-05-28 02:09:31 +0000  85359 bytes for ./Payload/爱回购.app/www/static/js/pages/order-info.4c85178f021d24fdf4f1.js
copying file ./Payload/爱回购.app/www/static/js/pages/app-download.a021713fd494472f4ac3.js ... 
2018-05-28 02:09:31 +0000  41260 bytes for ./Payload/爱回购.app/www/static/js/pages/app-download.a021713fd494472f4ac3.js
copying file ./Payload/爱回购.app/www/static/js/pages/select-product.3904f8f9521f67f0c315.js ... 
2018-05-28 02:09:31 +0000  75464 bytes for ./Payload/爱回购.app/www/static/js/pages/select-product.3904f8f9521f67f0c315.js
2018-05-28 02:09:31 +0000  copying file ./Payload/爱回购.app/www/static/js/pages/ll2pay-page.e8bbb0c36d1e7afc0aa9.js ... 
2018-05-28 02:09:31 +0000  41680 bytes for ./Payload/爱回购.app/www/static/js/pages/ll2pay-page.e8bbb0c36d1e7afc0aa9.js
copying file ./Payload/爱回购.app/www/static/js/pages/cash-contact-submit.32d1eb48fd5cdbbf03ca.js ... 
2018-05-28 02:09:31 +0000  89064 bytes for ./Payload/爱回购.app/www/static/js/pages/cash-contact-submit.32d1eb48fd5cdbbf03ca.js
2018-05-28 02:09:31 +0000  copying file ./Payload/爱回购.app/www/static/js/pages/cash-identity-submit.bba6671516c90bb2d3c1.js ... 
2018-05-28 02:09:31 +0000  90088 bytes for ./Payload/爱回购.app/www/static/js/pages/cash-identity-submit.bba6671516c90bb2d3c1.js
2018-05-28 02:09:31 +0000  copying file ./Payload/爱回购.app/www/static/js/pages/order-list.dabb2011f1678094a5b7.js ... 
2018-05-28 02:09:31 +0000  44030 bytes for ./Payload/爱回购.app/www/static/js/pages/order-list.dabb2011f1678094a5b7.js
2018-05-28 02:09:31 +0000  copying file ./Payload/爱回购.app/www/cordova-js-src/exec.js ... 
2018-05-28 02:09:31 +0000  8877 bytes for ./Payload/爱回购.app/www/cordova-js-src/exec.js
2018-05-28 02:09:31 +0000  copying file ./Payload/爱回购.app/www/cordova-js-src/plugin/ios/logger.js ... 
2018-05-28 02:09:31 +0000  10233 bytes for ./Payload/爱回购.app/www/cordova-js-src/plugin/ios/logger.js
2018-05-28 02:09:31 +0000  copying file ./Payload/爱回购.app/www/cordova-js-src/plugin/ios/console.js ... 
2018-05-28 02:09:31 +0000  6822 bytes for ./Payload/爱回购.app/www/cordova-js-src/plugin/ios/console.js
copying file ./Payload/爱回购.app/www/cordova-js-src/platform.js ... 
2018-05-28 02:09:31 +0000  1168 bytes for ./Payload/爱回购.app/www/cordova-js-src/platform.js
copying file ./Payload/爱回购.app/www/cordova_plugins.js ... 
2018-05-28 02:09:31 +0000  5274 bytes for ./Payload/爱回购.app/www/cordova_plugins.js
2018-05-28 02:09:31 +0000  copying file ./Payload/爱回购.app/www/pages/cash-contact-submit.html ... 
2018-05-28 02:09:31 +0000  2300 bytes for ./Payload/爱回购.app/www/pages/cash-contact-submit.html
copying file ./Payload/爱回购.app/www/pages/recycling-pay-page.html ... 
2018-05-28 02:09:31 +0000  2295 bytes for ./Payload/爱回购.app/www/pages/recycling-pay-page.html
2018-05-28 02:09:31 +0000  copying file ./Payload/爱回购.app/www/pages/renew-lease-page.html ... 
2018-05-28 02:09:31 +0000  2291 bytes for ./Payload/爱回购.app/www/pages/renew-lease-page.html
copying file ./Payload/爱回购.app/www/pages/app-download.html ... 
2018-05-28 02:09:31 +0000  2289 bytes for ./Payload/爱回购.app/www/pages/app-download.html
copying file ./Payload/爱回购.app/www/pages/order-info.html ... 
2018-05-28 02:09:31 +0000  2285 bytes for ./Payload/爱回购.app/www/pages/order-info.html
copying file ./Payload/爱回购.app/www/pages/cash-moreinfo-submit.html ... 
2018-05-28 02:09:31 +0000  2305 bytes for ./Payload/爱回购.app/www/pages/cash-moreinfo-submit.html
2018-05-28 02:09:31 +0000  copying file ./Payload/爱回购.app/www/pages/order-list.html ... 
2018-05-28 02:09:31 +0000  3027 bytes for ./Payload/爱回购.app/www/pages/order-list.html
copying file ./Payload/爱回购.app/www/pages/review-page.html ... 
2018-05-28 02:09:31 +0000  2281 bytes for ./Payload/爱回购.app/www/pages/review-page.html
copying file ./Payload/爱回购.app/www/pages/ll2pay-page.html ... 
2018-05-28 02:09:31 +0000  2287 bytes for ./Payload/爱回购.app/www/pages/ll2pay-page.html
copying file ./Payload/爱回购.app/www/pages/cash-identity-submit.html ... 
2018-05-28 02:09:31 +0000  2299 bytes for ./Payload/爱回购.app/www/pages/cash-identity-submit.html
copying file ./Payload/爱回购.app/www/pages/cash-submit.html ... 
2018-05-28 02:09:31 +0000  2287 bytes for ./Payload/爱回购.app/www/pages/cash-submit.html
copying file ./Payload/爱回购.app/www/pages/guide-install-app.html ... 
2018-05-28 02:09:31 +0000  2302 bytes for ./Payload/爱回购.app/www/pages/guide-install-app.html
copying file ./Payload/爱回购.app/www/pages/user-login.html ... 
2018-05-28 02:09:31 +0000  2239 bytes for ./Payload/爱回购.app/www/pages/user-login.html
2018-05-28 02:09:31 +0000  copying file ./Payload/爱回购.app/www/pages/repurchase-page.html ... 
2018-05-28 02:09:31 +0000  2289 bytes for ./Payload/爱回购.app/www/pages/repurchase-page.html
copying file ./Payload/爱回购.app/www/pages/select-product.html ... 
2018-05-28 02:09:31 +0000  2989 bytes for ./Payload/爱回购.app/www/pages/select-product.html
copying file ./Payload/爱回购.app/www/pages/my-page.html ... 
2018-05-28 02:09:31 +0000  2969 bytes for ./Payload/爱回购.app/www/pages/my-page.html
2018-05-28 02:09:31 +0000  copying file ./Payload/爱回购.app/www/pages/aiguigou-download.html ... 
2018-05-28 02:09:31 +0000  2299 bytes for ./Payload/爱回购.app/www/pages/aiguigou-download.html
copying file ./Payload/爱回购.app/Assets.car ... 
2018-05-28 02:09:31 +0000  96328 bytes for ./Payload/爱回购.app/Assets.car
copying file ./Payload/爱回购.app/AppIcon40x40@2x~ipad.png ... 
2018-05-28 02:09:31 +0000  3072 bytes for ./Payload/爱回购.app/AppIcon40x40@2x~ipad.png
2018-05-28 02:09:31 +0000  copying file ./Payload/爱回购.app/AppIcon76x76@2x~ipad.png ... 
2018-05-28 02:09:31 +0000  5989 bytes for ./Payload/爱回购.app/AppIcon76x76@2x~ipad.png
copying file ./Payload/爱回购.app/LaunchImage-800-Portrait-736h@3x.png ... 
2018-05-28 02:09:31 +0000  31588 bytes for ./Payload/爱回购.app/LaunchImage-800-Portrait-736h@3x.png
copying file ./Payload/爱回购.app/AppIcon72x72~ipad.png ... 
2018-05-28 02:09:31 +0000  2802 bytes for ./Payload/爱回购.app/AppIcon72x72~ipad.png
2018-05-28 02:09:31 +0000  copying file ./Payload/爱回购.app/CDVLaunchScreen.storyboardc/01J-lp-oVM-view-Ze5-6b-2t3.nib ... 
2018-05-28 02:09:31 +0000  2280 bytes for ./Payload/爱回购.app/CDVLaunchScreen.storyboardc/01J-lp-oVM-view-Ze5-6b-2t3.nib
copying file ./Payload/爱回购.app/CDVLaunchScreen.storyboardc/UIViewController-01J-lp-oVM.nib ... 
2018-05-28 02:09:31 +0000  832 bytes for ./Payload/爱回购.app/CDVLaunchScreen.storyboardc/UIViewController-01J-lp-oVM.nib
copying file ./Payload/爱回购.app/CDVLaunchScreen.storyboardc/Info.plist ... 
2018-05-28 02:09:31 +0000  258 bytes for ./Payload/爱回购.app/CDVLaunchScreen.storyboardc/Info.plist
copying file ./Payload/爱回购.app/LaunchImage-700@2x.png ... 
2018-05-28 02:09:31 +0000  12128 bytes for ./Payload/爱回购.app/LaunchImage-700@2x.png
copying file ./Payload/爱回购.app/LaunchImage-700-568h@2x.png ... 
2018-05-28 02:09:31 +0000  12807 bytes for ./Payload/爱回购.app/LaunchImage-700-568h@2x.png
2018-05-28 02:09:31 +0000  copying file ./Payload/爱回购.app/CDVNotification.bundle/beep.wav ... 
2018-05-28 02:09:31 +0000  8114 bytes for ./Payload/爱回购.app/CDVNotification.bundle/beep.wav
2018-05-28 02:09:31 +0000  copying file ./Payload/爱回购.app/AppIcon50x50~ipad.png ... 
1941 bytes for ./Payload/爱回购.app/AppIcon50x50~ipad.png
copying file ./Payload/爱回购.app/AppIcon29x29@2x~ipad.png ... 
2018-05-28 02:09:31 +0000  2076 bytes for ./Payload/爱回购.app/AppIcon29x29@2x~ipad.png
2018-05-28 02:09:31 +0000  copying file ./Payload/爱回购.app/AppIcon50x50@2x~ipad.png ... 
2018-05-28 02:09:31 +0000  3953 bytes for ./Payload/爱回购.app/AppIcon50x50@2x~ipad.png
copying file ./Payload/爱回购.app/AppIcon40x40~ipad.png ... 
2018-05-28 02:09:31 +0000  1441 bytes for ./Payload/爱回购.app/AppIcon40x40~ipad.png
copying file ./Payload/爱回购.app/LaunchImage.png ... 
2018-05-28 02:09:31 +0000  20021 bytes for ./Payload/爱回购.app/LaunchImage.png
copying file ./Payload/爱回购.app/embedded.mobileprovision ... 
2018-05-28 02:09:31 +0000  10855 bytes for ./Payload/爱回购.app/embedded.mobileprovision
copying file ./Payload/爱回购.app/LaunchImage-800-Landscape-736h@3x.png ... 
2018-05-28 02:09:31 +0000  63597 bytes for ./Payload/爱回购.app/LaunchImage-800-Landscape-736h@3x.png
copying file ./Payload/爱回购.app/AppIcon20x20@2x~ipad.png ... 
2018-05-28 02:09:31 +0000  1441 bytes for ./Payload/爱回购.app/AppIcon20x20@2x~ipad.png
2018-05-28 02:09:31 +0000  copying file ./Payload/爱回购.app/Info.plist ... 
2018-05-28 02:09:31 +0000  2116 bytes for ./Payload/爱回购.app/Info.plist
copying file ./Payload/爱回购.app/PkgInfo ... 
2018-05-28 02:09:31 +0000  8 bytes for ./Payload/爱回购.app/PkgInfo
copying file ./Payload/爱回购.app/AppIcon76x76~ipad.png ... 
2018-05-28 02:09:31 +0000  2959 bytes for ./Payload/爱回购.app/AppIcon76x76~ipad.png
2018-05-28 02:09:31 +0000  
2018-05-28 02:09:31 +0000  /usr/bin/ditto exited with 0
2018-05-28 02:09:31 +0000  2018-05-28 02:09:31 +0000  

2018-05-28 02:09:31 +0000  Processing step: IDEDistributionCreateManifestStep
