2018-05-31 03:48:10 +0000  Initial pipeline context: <IDEDistributionProcessingPipelineContext: 0x7fc7fa2473c0; archive(resolved)='<IDEArchive: 0x7fc7f9daf770>', distributionTask(resolved)='2', distributionMethod(resolved)='<IDEDistributionMethodAdHoc: 0x7fc7f5e83160>', team(resolved)='<IDEProvisioningBasicTeam: 0x7fc7fa1c8670; teamID='5DCJQFRRP3', teamName='Credan Network Technology (Shanghai) Co., Ltd.'>'>
	Chain (11, self inclusive):
	<IDEDistributionProcessingPipelineContext: 0x7fc7fa2473c0; archive = '<IDEArchive: 0x7fc7f9daf770>', distributionMethod='<IDEDistributionMethodAdHoc: 0x7fc7f5e83160>', team='<IDEProvisioningBasicTeam: 0x7fc7fa1c8670; teamID='5DCJQFRRP3', teamName='Credan Network Technology (Shanghai) Co., Ltd.'>'>
	<IDEDistributionProcessingPipelineContext: 0x7fc7fa243d50; archive = '<IDEArchive: 0x7fc7f9daf770>', distributionMethod='<IDEDistributionMethodAdHoc: 0x7fc7f5e83160>', team='<IDEProvisioningBasicTeam: 0x7fc7fa1c8670; teamID='5DCJQFRRP3', teamName='Credan Network Technology (Shanghai) Co., Ltd.'>'>
	<IDEDistributionContext: 0x7fc7f98893d0; archive = '<IDEArchive: 0x7fc7f9daf770>', distributionMethod='<IDEDistributionMethodAdHoc: 0x7fc7f5e83160>', team='<IDEProvisioningBasicTeam: 0x7fc7fa1c8670; teamID='5DCJQFRRP3', teamName='Credan Network Technology (Shanghai) Co., Ltd.'>'>
	<IDEDistributionContext: 0x7fc7fa1bbf10; archive = '<IDEArchive: 0x7fc7f9daf770>', distributionMethod='<IDEDistributionMethodAdHoc: 0x7fc7f5e83160>', team='<IDEProvisioningBasicTeam: 0x7fc7fa1c8670; teamID='5DCJQFRRP3', teamName='Credan Network Technology (Shanghai) Co., Ltd.'>'>
	<IDEDistributionContext: 0x7fc7f9f52690; archive = '<IDEArchive: 0x7fc7f9daf770>', distributionMethod='<IDEDistributionMethodAdHoc: 0x7fc7f5e83160>', team='<IDEProvisioningBasicTeam: 0x7fc7fa1c8670; teamID='5DCJQFRRP3', teamName='Credan Network Technology (Shanghai) Co., Ltd.'>'>
	<IDEDistributionContext: 0x7fc7f9f52ea0; archive = '<IDEArchive: 0x7fc7f9daf770>', distributionMethod='<IDEDistributionMethodAdHoc: 0x7fc7f5e83160>', team='<IDEProvisioningBasicTeam: 0x7fc7fa1c8670; teamID='5DCJQFRRP3', teamName='Credan Network Technology (Shanghai) Co., Ltd.'>'>
	<IDEDistributionContext: 0x7fc7f6e76570; archive = '<IDEArchive: 0x7fc7f9daf770>', distributionMethod='<IDEDistributionMethodAdHoc: 0x7fc7f5e83160>', team='<IDEProvisioningBasicTeam: 0x7fc7fa1c8670; teamID='5DCJQFRRP3', teamName='Credan Network Technology (Shanghai) Co., Ltd.'>'>
	<IDEDistributionContext: 0x7fc7f99ab430; archive = '<IDEArchive: 0x7fc7f9daf770>', distributionMethod='<IDEDistributionMethodAdHoc: 0x7fc7f5e83160>', team='<IDEProvisioningBasicTeam: 0x7fc7fa1c8670; teamID='5DCJQFRRP3', teamName='Credan Network Technology (Shanghai) Co., Ltd.'>'>
	<IDEDistributionContext: 0x7fc7fa18d600; archive = '<IDEArchive: 0x7fc7f9daf770>', distributionMethod='<IDEDistributionMethodAdHoc: 0x7fc7f5e83160>', team='<IDEProvisioningBasicTeam: 0x7fc7fa1c8670; teamID='5DCJQFRRP3', teamName='Credan Network Technology (Shanghai) Co., Ltd.'>'>
	<IDEDistributionContext: 0x7fc7f8138ba0; archive = '<IDEArchive: 0x7fc7f9daf770>', distributionMethod='<IDEDistributionMethodAdHoc: 0x7fc7f5e83160>', team='(null)'>
	<IDEDistributionContext: 0x7fc7fa1844a0; archive = '<IDEArchive: 0x7fc7f9daf770>', distributionMethod='(null)', team='(null)'>
</IDEDistributionProcessingPipelineContext: 0x7fc7fa2473c0>
2018-05-31 03:48:10 +0000  Processing step: IDEDistributionCreateDestRootStep
2018-05-31 03:48:10 +0000  Processing step: IDEDistributionCopyItemStep
2018-05-31 03:48:10 +0000  Running /usr/bin/ditto '-V' '/Users/mzr/Library/Developer/Xcode/Archives/2018-05-31/爱回购 2018-5-31 上午11.47.xcarchive/Products/Applications/爱回购.app' '/var/folders/24/lhhkn5p146sfc40651lqxk8w0000gn/T/XcodeDistPipeline.r7j/Root/Payload/爱回购.app'
2018-05-31 03:48:10 +0000  >>> Copying /Users/mzr/Library/Developer/Xcode/Archives/2018-05-31/爱回购 2018-5-31 上午11.47.xcarchive/Products/Applications/爱回购.app 
2018-05-31 03:48:10 +0000  copying file ./_CodeSignature/CodeResources ... 
2018-05-31 03:48:10 +0000  50217 bytes for ./_CodeSignature/CodeResources
2018-05-31 03:48:10 +0000  copying file ./LaunchImage@2x.png ... 
2018-05-31 03:48:10 +0000  12128 bytes for ./LaunchImage@2x.png
2018-05-31 03:48:10 +0000  copying file ./AppIcon20x20@2x.png ... 
2018-05-31 03:48:10 +0000  1441 bytes for ./AppIcon20x20@2x.png
2018-05-31 03:48:10 +0000  copying file ./MainViewController.nib ... 
2018-05-31 03:48:10 +0000  943 bytes for ./MainViewController.nib
2018-05-31 03:48:10 +0000  copying file ./AppIcon57x57.png ... 
2018-05-31 03:48:10 +0000  2031 bytes for ./AppIcon57x57.png
copying file ./爱回购 ... 
2018-05-31 03:48:10 +0000  747456 bytes for ./爱回购
2018-05-31 03:48:10 +0000  copying file ./AppIcon29x29.png ... 
2018-05-31 03:48:10 +0000  1037 bytes for ./AppIcon29x29.png
copying file ./LaunchImage-568h@2x.png ... 
2018-05-31 03:48:10 +0000  12807 bytes for ./LaunchImage-568h@2x.png
2018-05-31 03:48:10 +0000  copying file ./AppIcon60x60@2x.png ... 
2018-05-31 03:48:10 +0000  4657 bytes for ./AppIcon60x60@2x.png
2018-05-31 03:48:10 +0000  copying file ./AppIcon72x72@2x~ipad.png ... 
2018-05-31 03:48:10 +0000  5609 bytes for ./AppIcon72x72@2x~ipad.png
2018-05-31 03:48:10 +0000  copying file ./AppIcon29x29@2x.png ... 
2018-05-31 03:48:10 +0000  2076 bytes for ./AppIcon29x29@2x.png
copying file ./LaunchImage-800-667h@2x.png ... 
2018-05-31 03:48:10 +0000  15550 bytes for ./LaunchImage-800-667h@2x.png
2018-05-31 03:48:10 +0000  copying file ./AppIcon40x40@3x.png ... 
2018-05-31 03:48:10 +0000  4657 bytes for ./AppIcon40x40@3x.png
2018-05-31 03:48:10 +0000  copying file ./AppIcon57x57@2x.png ... 
2018-05-31 03:48:10 +0000  4415 bytes for ./AppIcon57x57@2x.png
2018-05-31 03:48:10 +0000  copying file ./AppIcon29x29~ipad.png ... 
2018-05-31 03:48:10 +0000  1037 bytes for ./AppIcon29x29~ipad.png
2018-05-31 03:48:10 +0000  copying file ./AppIcon40x40@2x.png ... 
2018-05-31 03:48:10 +0000  3072 bytes for ./AppIcon40x40@2x.png
2018-05-31 03:48:10 +0000  copying file ./AppIcon60x60@3x.png ... 
2018-05-31 03:48:10 +0000  7077 bytes for ./AppIcon60x60@3x.png
2018-05-31 03:48:10 +0000  copying file ./config.xml ... 
2018-05-31 03:48:10 +0000  5203 bytes for ./config.xml
2018-05-31 03:48:10 +0000  copying file ./www/cordova.js ... 
2018-05-31 03:48:10 +0000  78044 bytes for ./www/cordova.js
2018-05-31 03:48:10 +0000  copying file ./www/plugins/cordova-plugin-brightness/www/brightness.js ... 
2018-05-31 03:48:10 +0000  519 bytes for ./www/plugins/cordova-plugin-brightness/www/brightness.js
2018-05-31 03:48:10 +0000  copying file ./www/plugins/cordova-plugin-inappbrowser/www/inappbrowser.js ... 
2018-05-31 03:48:10 +0000  4485 bytes for ./www/plugins/cordova-plugin-inappbrowser/www/inappbrowser.js
2018-05-31 03:48:10 +0000  copying file ./www/plugins/cordova-plugin-device/www/device.js ... 
2018-05-31 03:48:10 +0000  3070 bytes for ./www/plugins/cordova-plugin-device/www/device.js
2018-05-31 03:48:10 +0000  copying file ./www/plugins/cordova-plugin-geolocation/www/geolocation.js ... 
2018-05-31 03:48:10 +0000  8629 bytes for ./www/plugins/cordova-plugin-geolocation/www/geolocation.js
2018-05-31 03:48:10 +0000  copying file ./www/plugins/cordova-plugin-geolocation/www/PositionError.js ... 
2018-05-31 03:48:10 +0000  1376 bytes for ./www/plugins/cordova-plugin-geolocation/www/PositionError.js
2018-05-31 03:48:10 +0000  copying file ./www/plugins/cordova-plugin-geolocation/www/Coordinates.js ... 
2018-05-31 03:48:10 +0000  2075 bytes for ./www/plugins/cordova-plugin-geolocation/www/Coordinates.js
copying file ./www/plugins/cordova-plugin-geolocation/www/Position.js ... 
2018-05-31 03:48:10 +0000  1358 bytes for ./www/plugins/cordova-plugin-geolocation/www/Position.js
2018-05-31 03:48:10 +0000  copying file ./www/plugins/cordova-plugin-contacts/www/ContactError.js ... 
2018-05-31 03:48:10 +0000  1479 bytes for ./www/plugins/cordova-plugin-contacts/www/ContactError.js
copying file ./www/plugins/cordova-plugin-contacts/www/ContactAddress.js ... 
2018-05-31 03:48:10 +0000  1668 bytes for ./www/plugins/cordova-plugin-contacts/www/ContactAddress.js
2018-05-31 03:48:10 +0000  copying file ./www/plugins/cordova-plugin-contacts/www/ContactFindOptions.js ... 
2018-05-31 03:48:10 +0000  1648 bytes for ./www/plugins/cordova-plugin-contacts/www/ContactFindOptions.js
copying file ./www/plugins/cordova-plugin-contacts/www/ContactField.js ... 
2018-05-31 03:48:10 +0000  1376 bytes for ./www/plugins/cordova-plugin-contacts/www/ContactField.js
2018-05-31 03:48:10 +0000  copying file ./www/plugins/cordova-plugin-contacts/www/ContactOrganization.js ... 
2018-05-31 03:48:10 +0000  1355 bytes for ./www/plugins/cordova-plugin-contacts/www/ContactOrganization.js
2018-05-31 03:48:10 +0000  copying file ./www/plugins/cordova-plugin-contacts/www/contacts.js ... 
2018-05-31 03:48:10 +0000  3755 bytes for ./www/plugins/cordova-plugin-contacts/www/contacts.js
2018-05-31 03:48:10 +0000  copying file ./www/plugins/cordova-plugin-contacts/www/ios/contacts.js ... 
2018-05-31 03:48:10 +0000  2470 bytes for ./www/plugins/cordova-plugin-contacts/www/ios/contacts.js
2018-05-31 03:48:10 +0000  copying file ./www/plugins/cordova-plugin-contacts/www/ios/Contact.js ... 
2018-05-31 03:48:10 +0000  1829 bytes for ./www/plugins/cordova-plugin-contacts/www/ios/Contact.js
2018-05-31 03:48:10 +0000  copying file ./www/plugins/cordova-plugin-contacts/www/ContactName.js ... 
2018-05-31 03:48:10 +0000  1455 bytes for ./www/plugins/cordova-plugin-contacts/www/ContactName.js
2018-05-31 03:48:10 +0000  copying file ./www/plugins/cordova-plugin-contacts/www/Contact.js ... 
2018-05-31 03:48:10 +0000  4877 bytes for ./www/plugins/cordova-plugin-contacts/www/Contact.js
2018-05-31 03:48:10 +0000  copying file ./www/plugins/cordova-plugin-contacts/www/convertUtils.js ... 
2018-05-31 03:48:10 +0000  2384 bytes for ./www/plugins/cordova-plugin-contacts/www/convertUtils.js
2018-05-31 03:48:10 +0000  copying file ./www/plugins/cordova-plugin-contacts/www/ContactFieldType.js ... 
2018-05-31 03:48:10 +0000  2059 bytes for ./www/plugins/cordova-plugin-contacts/www/ContactFieldType.js
2018-05-31 03:48:10 +0000  copying file ./www/plugins/ToSafari/www/ToSafari.js ... 
2018-05-31 03:48:10 +0000  229 bytes for ./www/plugins/ToSafari/www/ToSafari.js
2018-05-31 03:48:10 +0000  copying file ./www/plugins/cordova-plugin-dialogs/www/notification.js ... 
2018-05-31 03:48:10 +0000  6013 bytes for ./www/plugins/cordova-plugin-dialogs/www/notification.js
2018-05-31 03:48:10 +0000  copying file ./www/plugins/cordova-plugin-splashscreen/www/splashscreen.js ... 
2018-05-31 03:48:10 +0000  1173 bytes for ./www/plugins/cordova-plugin-splashscreen/www/splashscreen.js
2018-05-31 03:48:10 +0000  copying file ./www/static/css/pdf_viewer.css ... 
2018-05-31 03:48:10 +0000  8172 bytes for ./www/static/css/pdf_viewer.css
2018-05-31 03:48:10 +0000  copying file ./www/static/css/pages/review-page.9eea197f208bd32272d9d2660e76e915.css ... 
2018-05-31 03:48:10 +0000  28626 bytes for ./www/static/css/pages/review-page.9eea197f208bd32272d9d2660e76e915.css
2018-05-31 03:48:10 +0000  copying file ./www/static/css/pages/app-download.df7bafd33b2c894be160d1720df7277a.css ... 
2018-05-31 03:48:10 +0000  28283 bytes for ./www/static/css/pages/app-download.df7bafd33b2c894be160d1720df7277a.css
2018-05-31 03:48:10 +0000  copying file ./www/static/css/pages/cash-identity-submit.0eb47bc09b315248b233f038fdcdbdda.css ... 
2018-05-31 03:48:10 +0000  29979 bytes for ./www/static/css/pages/cash-identity-submit.0eb47bc09b315248b233f038fdcdbdda.css
copying file ./www/static/css/pages/renew-lease-page.a9b6c13424572a0766a9f0f0f5c63f30.css ... 
2018-05-31 03:48:10 +0000  28998 bytes for ./www/static/css/pages/renew-lease-page.a9b6c13424572a0766a9f0f0f5c63f30.css
2018-05-31 03:48:10 +0000  copying file ./www/static/css/pages/cash-submit.27823ed9ce0211b6a1c64ffed1459801.css ... 
2018-05-31 03:48:10 +0000  33017 bytes for ./www/static/css/pages/cash-submit.27823ed9ce0211b6a1c64ffed1459801.css
2018-05-31 03:48:10 +0000  copying file ./www/static/css/pages/ll2pay-page.101ce669dba1ab1ce0ca2c4918f2150d.css ... 
2018-05-31 03:48:10 +0000  28202 bytes for ./www/static/css/pages/ll2pay-page.101ce669dba1ab1ce0ca2c4918f2150d.css
2018-05-31 03:48:10 +0000  copying file ./www/static/css/pages/aiguigou-download.12cf452df9a27990f908d75692ef605f.css ... 
2018-05-31 03:48:10 +0000  37438 bytes for ./www/static/css/pages/aiguigou-download.12cf452df9a27990f908d75692ef605f.css
2018-05-31 03:48:10 +0000  copying file ./www/static/css/pages/user-login.3f2ec5b434bcf03b5df4ffbc7aa0cbdb.css ... 
2018-05-31 03:48:10 +0000  32745 bytes for ./www/static/css/pages/user-login.3f2ec5b434bcf03b5df4ffbc7aa0cbdb.css
2018-05-31 03:48:10 +0000  copying file ./www/static/css/pages/repurchase-page.974b3e49036698fa94abb1aa4cc989d6.css ... 
2018-05-31 03:48:10 +0000  28603 bytes for ./www/static/css/pages/repurchase-page.974b3e49036698fa94abb1aa4cc989d6.css
2018-05-31 03:48:10 +0000  copying file ./www/static/css/pages/my-page.c771cab2574e77d283f3308b1bad8e61.css ... 
2018-05-31 03:48:10 +0000  36257 bytes for ./www/static/css/pages/my-page.c771cab2574e77d283f3308b1bad8e61.css
2018-05-31 03:48:10 +0000  copying file ./www/static/css/pages/user-protocol.f3f920f53bd889e630ef898bc28583be.css ... 
2018-05-31 03:48:10 +0000  30495 bytes for ./www/static/css/pages/user-protocol.f3f920f53bd889e630ef898bc28583be.css
2018-05-31 03:48:10 +0000  copying file ./www/static/css/pages/cash-contact-submit.f5d42fca6aa2c1b076cb86810b0f5cad.css ... 
2018-05-31 03:48:10 +0000  42415 bytes for ./www/static/css/pages/cash-contact-submit.f5d42fca6aa2c1b076cb86810b0f5cad.css
2018-05-31 03:48:10 +0000  copying file ./www/static/css/pages/recycling-pay-page.e1a2338ff30255cb759fd5a61632f68b.css ... 
2018-05-31 03:48:10 +0000  28105 bytes for ./www/static/css/pages/recycling-pay-page.e1a2338ff30255cb759fd5a61632f68b.css
copying file ./www/static/css/pages/select-product.709bef8c772c3e3a13e89308e5708aa9.css ... 
2018-05-31 03:48:10 +0000  40120 bytes for ./www/static/css/pages/select-product.709bef8c772c3e3a13e89308e5708aa9.css
2018-05-31 03:48:10 +0000  copying file ./www/static/css/pages/order-list.a17a9d3b342f57cb3f4846392210767a.css ... 
2018-05-31 03:48:10 +0000  30730 bytes for ./www/static/css/pages/order-list.a17a9d3b342f57cb3f4846392210767a.css
2018-05-31 03:48:10 +0000  copying file ./www/static/css/pages/cash-moreinfo-submit.0d2815bf6cb32c6ecbd55d452b21105a.css ... 
2018-05-31 03:48:10 +0000  43207 bytes for ./www/static/css/pages/cash-moreinfo-submit.0d2815bf6cb32c6ecbd55d452b21105a.css
2018-05-31 03:48:10 +0000  copying file ./www/static/css/pages/guide-install-app.c7a4afcc5422fbe411f1c4e233cfde01.css ... 
2018-05-31 03:48:10 +0000  28327 bytes for ./www/static/css/pages/guide-install-app.c7a4afcc5422fbe411f1c4e233cfde01.css
2018-05-31 03:48:10 +0000  copying file ./www/static/css/pages/app-register.037bc5ea319a1c548d7defa980d2052e.css ... 
2018-05-31 03:48:10 +0000  35297 bytes for ./www/static/css/pages/app-register.037bc5ea319a1c548d7defa980d2052e.css
2018-05-31 03:48:10 +0000  copying file ./www/static/css/pages/order-info.82a268af25faec8e5e09bdf38af8154c.css ... 
2018-05-31 03:48:10 +0000  33162 bytes for ./www/static/css/pages/order-info.82a268af25faec8e5e09bdf38af8154c.css
2018-05-31 03:48:10 +0000  copying file ./www/static/images/login_icon.f0490c2.png ... 
2018-05-31 03:48:10 +0000  13846 bytes for ./www/static/images/login_icon.f0490c2.png
2018-05-31 03:48:10 +0000  copying file ./www/static/images/android.90e9269.png ... 
2018-05-31 03:48:10 +0000  96684 bytes for ./www/static/images/android.90e9269.png
2018-05-31 03:48:10 +0000  copying file ./www/static/images/bg3.b1d5495.jpeg ... 
2018-05-31 03:48:10 +0000  92489 bytes for ./www/static/images/bg3.b1d5495.jpeg
2018-05-31 03:48:10 +0000  copying file ./www/static/images/home.png ... 
2018-05-31 03:48:10 +0000  451 bytes for ./www/static/images/home.png
2018-05-31 03:48:10 +0000  copying file ./www/static/images/bg4.9c6c7bb.jpg ... 
2018-05-31 03:48:10 +0000  711087 bytes for ./www/static/images/bg4.9c6c7bb.jpg
2018-05-31 03:48:10 +0000  copying file ./www/static/images/iphone.183e9bd.png ... 
2018-05-31 03:48:10 +0000  15907 bytes for ./www/static/images/iphone.183e9bd.png
2018-05-31 03:48:10 +0000  copying file ./www/static/images/ios.4ada59b.jpg ... 
2018-05-31 03:48:10 +0000  102669 bytes for ./www/static/images/ios.4ada59b.jpg
2018-05-31 03:48:10 +0000  copying file ./www/static/images/gps.d4d4a32.png ... 
2018-05-31 03:48:10 +0000  10895 bytes for ./www/static/images/gps.d4d4a32.png
2018-05-31 03:48:10 +0000  copying file ./www/static/images/my_default.png ... 
2018-05-31 03:48:10 +0000  646 bytes for ./www/static/images/my_default.png
2018-05-31 03:48:10 +0000  copying file ./www/static/images/my.png ... 
2018-05-31 03:48:10 +0000  412 bytes for ./www/static/images/my.png
copying file ./www/static/images/bg1.b5ddb50.jpg ... 
2018-05-31 03:48:10 +0000  81045 bytes for ./www/static/images/bg1.b5ddb50.jpg
2018-05-31 03:48:10 +0000  copying file ./www/static/images/home_default.png ... 
2018-05-31 03:48:10 +0000  539 bytes for ./www/static/images/home_default.png
2018-05-31 03:48:10 +0000  copying file ./www/static/images/newbanner.2dd6b4a.png ... 
2018-05-31 03:48:10 +0000  214798 bytes for ./www/static/images/newbanner.2dd6b4a.png
2018-05-31 03:48:10 +0000  copying file ./www/static/js/jSignature.min.js ... 
2018-05-31 03:48:10 +0000  23823 bytes for ./www/static/js/jSignature.min.js
2018-05-31 03:48:10 +0000  copying file ./www/static/js/vendor.0e01349cc5debef13dff.js ... 
2018-05-31 03:48:10 +0000  605316 bytes for ./www/static/js/vendor.0e01349cc5debef13dff.js
2018-05-31 03:48:10 +0000  copying file ./www/static/js/html2canvas.min.js ... 
2018-05-31 03:48:10 +0000  89644 bytes for ./www/static/js/html2canvas.min.js
2018-05-31 03:48:10 +0000  copying file ./www/static/js/jquery-1.4.4.min.js ... 
2018-05-31 03:48:10 +0000  78601 bytes for ./www/static/js/jquery-1.4.4.min.js
2018-05-31 03:48:10 +0000  copying file ./www/static/js/pages/ll2pay-page.4f5a8171198466fce865.js ... 
2018-05-31 03:48:10 +0000  41676 bytes for ./www/static/js/pages/ll2pay-page.4f5a8171198466fce865.js
2018-05-31 03:48:10 +0000  copying file ./www/static/js/pages/select-product.b5c758b55d384eeed22b.js ... 
2018-05-31 03:48:10 +0000  75372 bytes for ./www/static/js/pages/select-product.b5c758b55d384eeed22b.js
2018-05-31 03:48:10 +0000  copying file ./www/static/js/pages/app-download.d6cf8e10912cc19e7f86.js ... 
2018-05-31 03:48:10 +0000  41256 bytes for ./www/static/js/pages/app-download.d6cf8e10912cc19e7f86.js
copying file ./www/static/js/pages/my-page.ebc963084b1e7b2cde30.js ... 
2018-05-31 03:48:10 +0000  42479 bytes for ./www/static/js/pages/my-page.ebc963084b1e7b2cde30.js
2018-05-31 03:48:10 +0000  copying file ./www/static/js/pages/repurchase-page.1b9cfcc9c5db36aa4943.js ... 
2018-05-31 03:48:10 +0000  42167 bytes for ./www/static/js/pages/repurchase-page.1b9cfcc9c5db36aa4943.js
copying file ./www/static/js/pages/guide-install-app.69f3e061879c9b24c58b.js ... 
2018-05-31 03:48:10 +0000  41085 bytes for ./www/static/js/pages/guide-install-app.69f3e061879c9b24c58b.js
2018-05-31 03:48:10 +0000  copying file ./www/static/js/pages/order-info.a1b59e1a8380fc2b89eb.js ... 
2018-05-31 03:48:10 +0000  85184 bytes for ./www/static/js/pages/order-info.a1b59e1a8380fc2b89eb.js
2018-05-31 03:48:10 +0000  copying file ./www/static/js/pages/cash-identity-submit.f89950a7da3079328f48.js ... 
2018-05-31 03:48:10 +0000  90084 bytes for ./www/static/js/pages/cash-identity-submit.f89950a7da3079328f48.js
copying file ./www/static/js/pages/cash-moreinfo-submit.55d45d3a5ca349a614d9.js ... 
2018-05-31 03:48:10 +0000  257001 bytes for ./www/static/js/pages/cash-moreinfo-submit.55d45d3a5ca349a614d9.js
2018-05-31 03:48:10 +0000  copying file ./www/static/js/pages/app-register.46481ed7783c20023b34.js ... 
2018-05-31 03:48:10 +0000  45516 bytes for ./www/static/js/pages/app-register.46481ed7783c20023b34.js
copying file ./www/static/js/pages/user-login.bbd0ec2896ef2b44454b.js ... 
2018-05-31 03:48:10 +0000  75681 bytes for ./www/static/js/pages/user-login.bbd0ec2896ef2b44454b.js
copying file ./www/static/js/pages/recycling-pay-page.6a061eab8c9171ae4c8b.js ... 
2018-05-31 03:48:10 +0000  41025 bytes for ./www/static/js/pages/recycling-pay-page.6a061eab8c9171ae4c8b.js
copying file ./www/static/js/pages/user-protocol.a4ecaa7c993ef4724504.js ... 
2018-05-31 03:48:10 +0000  57178 bytes for ./www/static/js/pages/user-protocol.a4ecaa7c993ef4724504.js
2018-05-31 03:48:10 +0000  copying file ./www/static/js/pages/renew-lease-page.3b03a881d82e022f98bb.js ... 
2018-05-31 03:48:10 +0000  44314 bytes for ./www/static/js/pages/renew-lease-page.3b03a881d82e022f98bb.js
copying file ./www/static/js/pages/order-list.8ecae7b3b9cda9284fc4.js ... 
2018-05-31 03:48:10 +0000  44026 bytes for ./www/static/js/pages/order-list.8ecae7b3b9cda9284fc4.js
2018-05-31 03:48:10 +0000  copying file ./www/static/js/pages/cash-contact-submit.ba95450cbc60f4d112fe.js ... 
2018-05-31 03:48:10 +0000  89060 bytes for ./www/static/js/pages/cash-contact-submit.ba95450cbc60f4d112fe.js
2018-05-31 03:48:10 +0000  copying file ./www/static/js/pages/cash-submit.1023ad01193d0d409c3a.js ... 
2018-05-31 03:48:10 +0000  52473 bytes for ./www/static/js/pages/cash-submit.1023ad01193d0d409c3a.js
2018-05-31 03:48:10 +0000  copying file ./www/static/js/pages/aiguigou-download.0be9f7dd809ce83613b5.js ... 
2018-05-31 03:48:10 +0000  42090 bytes for ./www/static/js/pages/aiguigou-download.0be9f7dd809ce83613b5.js
2018-05-31 03:48:10 +0000  copying file ./www/static/js/pages/review-page.c98f509f70ca977c2d40.js ... 
2018-05-31 03:48:10 +0000  42186 bytes for ./www/static/js/pages/review-page.c98f509f70ca977c2d40.js
2018-05-31 03:48:10 +0000  copying file ./www/static/js/manifest.ddfcb66be21dcc92fca4.js ... 
2018-05-31 03:48:10 +0000  1282 bytes for ./www/static/js/manifest.ddfcb66be21dcc92fca4.js
2018-05-31 03:48:10 +0000  copying file ./www/cordova-js-src/exec.js ... 
2018-05-31 03:48:10 +0000  8877 bytes for ./www/cordova-js-src/exec.js
2018-05-31 03:48:10 +0000  copying file ./www/cordova-js-src/plugin/ios/logger.js ... 
2018-05-31 03:48:10 +0000  10233 bytes for ./www/cordova-js-src/plugin/ios/logger.js
copying file ./www/cordova-js-src/plugin/ios/console.js ... 
2018-05-31 03:48:10 +0000  6822 bytes for ./www/cordova-js-src/plugin/ios/console.js
2018-05-31 03:48:10 +0000  copying file ./www/cordova-js-src/platform.js ... 
2018-05-31 03:48:10 +0000  1168 bytes for ./www/cordova-js-src/platform.js
copying file ./www/cordova_plugins.js ... 
5274 bytes for ./www/cordova_plugins.js
copying file ./www/pages/user-protocol.html ... 
2018-05-31 03:48:10 +0000  2291 bytes for ./www/pages/user-protocol.html
copying file ./www/pages/cash-contact-submit.html ... 
2018-05-31 03:48:10 +0000  2300 bytes for ./www/pages/cash-contact-submit.html
copying file ./www/pages/recycling-pay-page.html ... 
2295 bytes for ./www/pages/recycling-pay-page.html
copying file ./www/pages/renew-lease-page.html ... 
2018-05-31 03:48:10 +0000  2291 bytes for ./www/pages/renew-lease-page.html
2018-05-31 03:48:10 +0000  copying file ./www/pages/app-download.html ... 
2018-05-31 03:48:10 +0000  2289 bytes for ./www/pages/app-download.html
copying file ./www/pages/order-info.html ... 
2018-05-31 03:48:10 +0000  2285 bytes for ./www/pages/order-info.html
copying file ./www/pages/cash-moreinfo-submit.html ... 
2018-05-31 03:48:10 +0000  2305 bytes for ./www/pages/cash-moreinfo-submit.html
copying file ./www/pages/order-list.html ... 
2018-05-31 03:48:10 +0000  3027 bytes for ./www/pages/order-list.html
2018-05-31 03:48:10 +0000  copying file ./www/pages/review-page.html ... 
2018-05-31 03:48:10 +0000  2281 bytes for ./www/pages/review-page.html
copying file ./www/pages/ll2pay-page.html ... 
2018-05-31 03:48:10 +0000  2287 bytes for ./www/pages/ll2pay-page.html
2018-05-31 03:48:10 +0000  copying file ./www/pages/cash-identity-submit.html ... 
2018-05-31 03:48:10 +0000  2299 bytes for ./www/pages/cash-identity-submit.html
2018-05-31 03:48:10 +0000  copying file ./www/pages/cash-submit.html ... 
2018-05-31 03:48:10 +0000  2287 bytes for ./www/pages/cash-submit.html
2018-05-31 03:48:10 +0000  copying file ./www/pages/guide-install-app.html ... 
2018-05-31 03:48:10 +0000  2302 bytes for ./www/pages/guide-install-app.html
copying file ./www/pages/app-register.html ... 
2018-05-31 03:48:10 +0000  2283 bytes for ./www/pages/app-register.html
2018-05-31 03:48:10 +0000  copying file ./www/pages/user-login.html ... 
2018-05-31 03:48:10 +0000  2239 bytes for ./www/pages/user-login.html
2018-05-31 03:48:10 +0000  copying file ./www/pages/repurchase-page.html ... 
2018-05-31 03:48:10 +0000  2289 bytes for ./www/pages/repurchase-page.html
copying file ./www/pages/select-product.html ... 
2018-05-31 03:48:10 +0000  2989 bytes for ./www/pages/select-product.html
2018-05-31 03:48:10 +0000  copying file ./www/pages/my-page.html ... 
2018-05-31 03:48:10 +0000  2969 bytes for ./www/pages/my-page.html
copying file ./www/pages/aiguigou-download.html ... 
2018-05-31 03:48:10 +0000  2299 bytes for ./www/pages/aiguigou-download.html
2018-05-31 03:48:10 +0000  copying file ./Assets.car ... 
2018-05-31 03:48:10 +0000  96328 bytes for ./Assets.car
2018-05-31 03:48:10 +0000  copying file ./AppIcon40x40@2x~ipad.png ... 
2018-05-31 03:48:10 +0000  3072 bytes for ./AppIcon40x40@2x~ipad.png
2018-05-31 03:48:10 +0000  copying file ./AppIcon76x76@2x~ipad.png ... 
2018-05-31 03:48:10 +0000  5989 bytes for ./AppIcon76x76@2x~ipad.png
copying file ./LaunchImage-800-Portrait-736h@3x.png ... 
2018-05-31 03:48:10 +0000  31588 bytes for ./LaunchImage-800-Portrait-736h@3x.png
2018-05-31 03:48:10 +0000  copying file ./AppIcon72x72~ipad.png ... 
2018-05-31 03:48:10 +0000  2802 bytes for ./AppIcon72x72~ipad.png
2018-05-31 03:48:10 +0000  copying file ./CDVLaunchScreen.storyboardc/01J-lp-oVM-view-Ze5-6b-2t3.nib ... 
2018-05-31 03:48:10 +0000  2281 bytes for ./CDVLaunchScreen.storyboardc/01J-lp-oVM-view-Ze5-6b-2t3.nib
2018-05-31 03:48:10 +0000  copying file ./CDVLaunchScreen.storyboardc/UIViewController-01J-lp-oVM.nib ... 
2018-05-31 03:48:10 +0000  832 bytes for ./CDVLaunchScreen.storyboardc/UIViewController-01J-lp-oVM.nib
2018-05-31 03:48:10 +0000  copying file ./CDVLaunchScreen.storyboardc/Info.plist ... 
2018-05-31 03:48:10 +0000  258 bytes for ./CDVLaunchScreen.storyboardc/Info.plist
2018-05-31 03:48:10 +0000  copying file ./LaunchImage-700@2x.png ... 
2018-05-31 03:48:10 +0000  12128 bytes for ./LaunchImage-700@2x.png
copying file ./LaunchImage-700-568h@2x.png ... 
2018-05-31 03:48:10 +0000  12807 bytes for ./LaunchImage-700-568h@2x.png
2018-05-31 03:48:10 +0000  copying file ./CDVNotification.bundle/beep.wav ... 
2018-05-31 03:48:10 +0000  8114 bytes for ./CDVNotification.bundle/beep.wav
2018-05-31 03:48:10 +0000  copying file ./AppIcon50x50~ipad.png ... 
2018-05-31 03:48:10 +0000  1941 bytes for ./AppIcon50x50~ipad.png
2018-05-31 03:48:10 +0000  copying file ./AppIcon29x29@2x~ipad.png ... 
2018-05-31 03:48:10 +0000  2076 bytes for ./AppIcon29x29@2x~ipad.png
2018-05-31 03:48:10 +0000  copying file ./AppIcon50x50@2x~ipad.png ... 
3953 bytes for ./AppIcon50x50@2x~ipad.png
copying file ./AppIcon40x40~ipad.png ... 
1441 bytes for ./AppIcon40x40~ipad.png
copying file ./LaunchImage.png ... 
2018-05-31 03:48:10 +0000  20021 bytes for ./LaunchImage.png
copying file ./embedded.mobileprovision ... 
2018-05-31 03:48:10 +0000  8621 bytes for ./embedded.mobileprovision
2018-05-31 03:48:10 +0000  copying file ./LaunchImage-800-Landscape-736h@3x.png ... 
2018-05-31 03:48:10 +0000  63597 bytes for ./LaunchImage-800-Landscape-736h@3x.png
2018-05-31 03:48:10 +0000  copying file ./AppIcon20x20@2x~ipad.png ... 
2018-05-31 03:48:10 +0000  1441 bytes for ./AppIcon20x20@2x~ipad.png
copying file ./Info.plist ... 
2018-05-31 03:48:10 +0000  2116 bytes for ./Info.plist
copying file ./PkgInfo ... 
2018-05-31 03:48:10 +0000  8 bytes for ./PkgInfo
2018-05-31 03:48:10 +0000  copying file ./AppIcon76x76~ipad.png ... 
2018-05-31 03:48:10 +0000  2959 bytes for ./AppIcon76x76~ipad.png
2018-05-31 03:48:10 +0000  
2018-05-31 03:48:10 +0000  
2018-05-31 03:48:10 +0000  
2018-05-31 03:48:10 +0000  /usr/bin/ditto exited with 0
2018-05-31 03:48:10 +0000  
2018-05-31 03:48:10 +0000  Processing step: IDEDistributionEmbedProfileStep
2018-05-31 03:48:10 +0000  Processing step: IDEDistributionAppThinningPlistStep
2018-05-31 03:48:10 +0000  Skipping step: IDEDistributionAppThinningPlistStep because it said so
2018-05-31 03:48:10 +0000  Processing step: IDEDistributionCompileBitcodeStep
2018-05-31 03:48:10 +0000  Skipping step: IDEDistributionCompileBitcodeStep because it said so
2018-05-31 03:48:10 +0000  Processing step: IDEDistributionCodeSlimmingStep
2018-05-31 03:48:10 +0000  Processing step: IDEDistributionCopyBCSymbolMapsStep
2018-05-31 03:48:10 +0000  Skipping step: IDEDistributionCopyBCSymbolMapsStep because it said so
2018-05-31 03:48:10 +0000  Processing step: IDEDistributionSymbolsStep
2018-05-31 03:48:10 +0000  Skipping step: IDEDistributionSymbolsStep because it said so
2018-05-31 03:48:10 +0000  Processing step: IDEDistributionAppThinningStep
2018-05-31 03:48:10 +0000  Skipping step: IDEDistributionAppThinningStep because it said so
2018-05-31 03:48:10 +0000  Processing step: IDEDistributionODRStep
2018-05-31 03:48:10 +0000  Processing step: IDEDistributionStripXattrsStep
2018-05-31 03:48:10 +0000  Running /usr/bin/xattr '-crs' '/var/folders/24/lhhkn5p146sfc40651lqxk8w0000gn/T/XcodeDistPipeline.r7j/Root/Payload/爱回购.app'
2018-05-31 03:48:10 +0000  2018-05-31 03:48:10 +0000  
2018-05-31 03:48:10 +0000  /usr/bin/xattr exited with 0

2018-05-31 03:48:10 +0000  2018-05-31 03:48:10 +0000  

2018-05-31 03:48:10 +0000  Processing step: IDEDistributionCodesignStep
2018-05-31 03:48:10 +0000  Entitlements for <IDEDistributionItem: 0x7fc7fa1ca9d0 'com.credan.aihuigou' '<DVTFilePath:0x7fc7f78b9710:'/Users/mzr/Library/Developer/Xcode/Archives/2018-05-31/爱回购 2018-5-31 上午11.47.xcarchive/Products/Applications/爱回购.app'>'>: {
    "application-identifier" = "5DCJQFRRP3.com.credan.aihuigou";
    "com.apple.developer.team-identifier" = 5DCJQFRRP3;
    "get-task-allow" = 0;
}
2018-05-31 03:48:10 +0000  Writing entitlements for <IDEDistributionItem: 0x7fc7fa1ca9d0 'com.credan.aihuigou' '<DVTFilePath:0x7fc7f78b9710:'/Users/mzr/Library/Developer/Xcode/Archives/2018-05-31/爱回购 2018-5-31 上午11.47.xcarchive/Products/Applications/爱回购.app'>'> to: /var/folders/24/lhhkn5p146sfc40651lqxk8w0000gn/T/XcodeDistPipeline.r7j/entitlementsfB7kGC
2018-05-31 03:48:10 +0000  Running /usr/bin/codesign '-vvv' '--force' '--sign' '62B40684050F0261AC2742693B932EB9C031764F' '--preserve-metadata=identifier,flags' '--entitlements' '/var/folders/24/lhhkn5p146sfc40651lqxk8w0000gn/T/XcodeDistPipeline.r7j/entitlementsfB7kGC' '/var/folders/24/lhhkn5p146sfc40651lqxk8w0000gn/T/XcodeDistPipeline.r7j/Root/Payload/爱回购.app'
2018-05-31 03:48:10 +0000  /var/folders/24/lhhkn5p146sfc40651lqxk8w0000gn/T/XcodeDistPipeline.r7j/Root/Payload/爱回购.app: replacing existing signature
2018-05-31 03:48:11 +0000  /var/folders/24/lhhkn5p146sfc40651lqxk8w0000gn/T/XcodeDistPipeline.r7j/Root/Payload/爱回购.app: signed app bundle with Mach-O universal (armv7 arm64) [com.credan.aihuigou]
2018-05-31 03:48:11 +0000  
2018-05-31 03:48:11 +0000  
2018-05-31 03:48:11 +0000  /usr/bin/codesign exited with 02018-05-31 03:48:11 +0000  
2018-05-31 03:48:11 +0000  

2018-05-31 03:48:11 +0000  Processing step: IDEDistributionStreamingZipItemStep
2018-05-31 03:48:11 +0000  Skipping step: IDEDistributionStreamingZipItemStep because it said so
2018-05-31 03:48:11 +0000  Processing step: IDEDistributionCreateIPAStep
2018-05-31 03:48:11 +0000  Running /usr/bin/ditto '-V' '-c' '-k' '--norsrc' '/var/folders/24/lhhkn5p146sfc40651lqxk8w0000gn/T/XcodeDistPipeline.r7j/Root' '/var/folders/24/lhhkn5p146sfc40651lqxk8w0000gn/T/XcodeDistPipeline.r7j/Packages/爱回购.ipa'
2018-05-31 03:48:11 +0000  >>> Copying /var/folders/24/lhhkn5p146sfc40651lqxk8w0000gn/T/XcodeDistPipeline.r7j/Root 
2018-05-31 03:48:11 +0000  copying file ./Payload/爱回购.app/_CodeSignature/CodeResources ... 
2018-05-31 03:48:11 +0000  50217 bytes for ./Payload/爱回购.app/_CodeSignature/CodeResources
2018-05-31 03:48:11 +0000  copying file ./Payload/爱回购.app/LaunchImage@2x.png ... 
2018-05-31 03:48:11 +0000  12128 bytes for ./Payload/爱回购.app/LaunchImage@2x.png
2018-05-31 03:48:11 +0000  copying file ./Payload/爱回购.app/AppIcon20x20@2x.png ... 
2018-05-31 03:48:11 +0000  1441 bytes for ./Payload/爱回购.app/AppIcon20x20@2x.png
copying file ./Payload/爱回购.app/MainViewController.nib ... 
2018-05-31 03:48:11 +0000  943 bytes for ./Payload/爱回购.app/MainViewController.nib
copying file ./Payload/爱回购.app/AppIcon57x57.png ... 
2018-05-31 03:48:11 +0000  2031 bytes for ./Payload/爱回购.app/AppIcon57x57.png
2018-05-31 03:48:11 +0000  copying file ./Payload/爱回购.app/爱回购 ... 
2018-05-31 03:48:11 +0000  747488 bytes for ./Payload/爱回购.app/爱回购
copying file ./Payload/爱回购.app/AppIcon29x29.png ... 
2018-05-31 03:48:11 +0000  1037 bytes for ./Payload/爱回购.app/AppIcon29x29.png
copying file ./Payload/爱回购.app/LaunchImage-568h@2x.png ... 
2018-05-31 03:48:11 +0000  12807 bytes for ./Payload/爱回购.app/LaunchImage-568h@2x.png
2018-05-31 03:48:11 +0000  copying file ./Payload/爱回购.app/AppIcon60x60@2x.png ... 
2018-05-31 03:48:11 +0000  4657 bytes for ./Payload/爱回购.app/AppIcon60x60@2x.png
copying file ./Payload/爱回购.app/AppIcon72x72@2x~ipad.png ... 
2018-05-31 03:48:11 +0000  5609 bytes for ./Payload/爱回购.app/AppIcon72x72@2x~ipad.png
2018-05-31 03:48:11 +0000  copying file ./Payload/爱回购.app/AppIcon29x29@2x.png ... 
2076 bytes for ./Payload/爱回购.app/AppIcon29x29@2x.png
copying file ./Payload/爱回购.app/LaunchImage-800-667h@2x.png ... 
2018-05-31 03:48:11 +0000  15550 bytes for ./Payload/爱回购.app/LaunchImage-800-667h@2x.png
2018-05-31 03:48:11 +0000  copying file ./Payload/爱回购.app/AppIcon40x40@3x.png ... 
2018-05-31 03:48:11 +0000  4657 bytes for ./Payload/爱回购.app/AppIcon40x40@3x.png
copying file ./Payload/爱回购.app/AppIcon57x57@2x.png ... 
2018-05-31 03:48:11 +0000  4415 bytes for ./Payload/爱回购.app/AppIcon57x57@2x.png
2018-05-31 03:48:11 +0000  copying file ./Payload/爱回购.app/AppIcon29x29~ipad.png ... 
2018-05-31 03:48:11 +0000  1037 bytes for ./Payload/爱回购.app/AppIcon29x29~ipad.png
copying file ./Payload/爱回购.app/AppIcon40x40@2x.png ... 
2018-05-31 03:48:11 +0000  3072 bytes for ./Payload/爱回购.app/AppIcon40x40@2x.png
copying file ./Payload/爱回购.app/AppIcon60x60@3x.png ... 
2018-05-31 03:48:11 +0000  7077 bytes for ./Payload/爱回购.app/AppIcon60x60@3x.png
2018-05-31 03:48:11 +0000  copying file ./Payload/爱回购.app/config.xml ... 
2018-05-31 03:48:11 +0000  5203 bytes for ./Payload/爱回购.app/config.xml
2018-05-31 03:48:11 +0000  copying file ./Payload/爱回购.app/www/cordova.js ... 
2018-05-31 03:48:11 +0000  78044 bytes for ./Payload/爱回购.app/www/cordova.js
2018-05-31 03:48:11 +0000  copying file ./Payload/爱回购.app/www/plugins/cordova-plugin-brightness/www/brightness.js ... 
2018-05-31 03:48:11 +0000  519 bytes for ./Payload/爱回购.app/www/plugins/cordova-plugin-brightness/www/brightness.js
2018-05-31 03:48:11 +0000  copying file ./Payload/爱回购.app/www/plugins/cordova-plugin-inappbrowser/www/inappbrowser.js ... 
2018-05-31 03:48:11 +0000  4485 bytes for ./Payload/爱回购.app/www/plugins/cordova-plugin-inappbrowser/www/inappbrowser.js
2018-05-31 03:48:11 +0000  copying file ./Payload/爱回购.app/www/plugins/cordova-plugin-device/www/device.js ... 
2018-05-31 03:48:11 +0000  3070 bytes for ./Payload/爱回购.app/www/plugins/cordova-plugin-device/www/device.js
copying file ./Payload/爱回购.app/www/plugins/cordova-plugin-geolocation/www/geolocation.js ... 
2018-05-31 03:48:11 +0000  8629 bytes for ./Payload/爱回购.app/www/plugins/cordova-plugin-geolocation/www/geolocation.js
2018-05-31 03:48:11 +0000  copying file ./Payload/爱回购.app/www/plugins/cordova-plugin-geolocation/www/PositionError.js ... 
1376 bytes for ./Payload/爱回购.app/www/plugins/cordova-plugin-geolocation/www/PositionError.js
copying file ./Payload/爱回购.app/www/plugins/cordova-plugin-geolocation/www/Coordinates.js ... 
2018-05-31 03:48:11 +0000  2075 bytes for ./Payload/爱回购.app/www/plugins/cordova-plugin-geolocation/www/Coordinates.js
2018-05-31 03:48:11 +0000  copying file ./Payload/爱回购.app/www/plugins/cordova-plugin-geolocation/www/Position.js ... 
2018-05-31 03:48:11 +0000  1358 bytes for ./Payload/爱回购.app/www/plugins/cordova-plugin-geolocation/www/Position.js
2018-05-31 03:48:11 +0000  copying file ./Payload/爱回购.app/www/plugins/cordova-plugin-contacts/www/ContactError.js ... 
2018-05-31 03:48:11 +0000  1479 bytes for ./Payload/爱回购.app/www/plugins/cordova-plugin-contacts/www/ContactError.js
copying file ./Payload/爱回购.app/www/plugins/cordova-plugin-contacts/www/ContactAddress.js ... 
2018-05-31 03:48:11 +0000  1668 bytes for ./Payload/爱回购.app/www/plugins/cordova-plugin-contacts/www/ContactAddress.js
copying file ./Payload/爱回购.app/www/plugins/cordova-plugin-contacts/www/ContactFindOptions.js ... 
2018-05-31 03:48:11 +0000  1648 bytes for ./Payload/爱回购.app/www/plugins/cordova-plugin-contacts/www/ContactFindOptions.js
2018-05-31 03:48:11 +0000  copying file ./Payload/爱回购.app/www/plugins/cordova-plugin-contacts/www/ContactField.js ... 
2018-05-31 03:48:11 +0000  1376 bytes for ./Payload/爱回购.app/www/plugins/cordova-plugin-contacts/www/ContactField.js
copying file ./Payload/爱回购.app/www/plugins/cordova-plugin-contacts/www/ContactOrganization.js ... 
2018-05-31 03:48:11 +0000  1355 bytes for ./Payload/爱回购.app/www/plugins/cordova-plugin-contacts/www/ContactOrganization.js
copying file ./Payload/爱回购.app/www/plugins/cordova-plugin-contacts/www/contacts.js ... 
2018-05-31 03:48:11 +0000  3755 bytes for ./Payload/爱回购.app/www/plugins/cordova-plugin-contacts/www/contacts.js
2018-05-31 03:48:11 +0000  copying file ./Payload/爱回购.app/www/plugins/cordova-plugin-contacts/www/ios/contacts.js ... 
2018-05-31 03:48:11 +0000  2470 bytes for ./Payload/爱回购.app/www/plugins/cordova-plugin-contacts/www/ios/contacts.js
copying file ./Payload/爱回购.app/www/plugins/cordova-plugin-contacts/www/ios/Contact.js ... 
1829 bytes for ./Payload/爱回购.app/www/plugins/cordova-plugin-contacts/www/ios/Contact.js
2018-05-31 03:48:11 +0000  copying file ./Payload/爱回购.app/www/plugins/cordova-plugin-contacts/www/ContactName.js ... 
2018-05-31 03:48:11 +0000  1455 bytes for ./Payload/爱回购.app/www/plugins/cordova-plugin-contacts/www/ContactName.js
copying file ./Payload/爱回购.app/www/plugins/cordova-plugin-contacts/www/Contact.js ... 
2018-05-31 03:48:11 +0000  4877 bytes for ./Payload/爱回购.app/www/plugins/cordova-plugin-contacts/www/Contact.js
copying file ./Payload/爱回购.app/www/plugins/cordova-plugin-contacts/www/convertUtils.js ... 
2018-05-31 03:48:11 +0000  2384 bytes for ./Payload/爱回购.app/www/plugins/cordova-plugin-contacts/www/convertUtils.js
2018-05-31 03:48:11 +0000  copying file ./Payload/爱回购.app/www/plugins/cordova-plugin-contacts/www/ContactFieldType.js ... 
2059 bytes for ./Payload/爱回购.app/www/plugins/cordova-plugin-contacts/www/ContactFieldType.js
2018-05-31 03:48:11 +0000  copying file ./Payload/爱回购.app/www/plugins/ToSafari/www/ToSafari.js ... 
2018-05-31 03:48:11 +0000  229 bytes for ./Payload/爱回购.app/www/plugins/ToSafari/www/ToSafari.js
2018-05-31 03:48:11 +0000  copying file ./Payload/爱回购.app/www/plugins/cordova-plugin-dialogs/www/notification.js ... 
2018-05-31 03:48:11 +0000  6013 bytes for ./Payload/爱回购.app/www/plugins/cordova-plugin-dialogs/www/notification.js
2018-05-31 03:48:11 +0000  copying file ./Payload/爱回购.app/www/plugins/cordova-plugin-splashscreen/www/splashscreen.js ... 
2018-05-31 03:48:11 +0000  1173 bytes for ./Payload/爱回购.app/www/plugins/cordova-plugin-splashscreen/www/splashscreen.js
2018-05-31 03:48:11 +0000  copying file ./Payload/爱回购.app/www/static/css/pdf_viewer.css ... 
2018-05-31 03:48:11 +0000  8172 bytes for ./Payload/爱回购.app/www/static/css/pdf_viewer.css
2018-05-31 03:48:11 +0000  copying file ./Payload/爱回购.app/www/static/css/pages/review-page.9eea197f208bd32272d9d2660e76e915.css ... 
2018-05-31 03:48:11 +0000  28626 bytes for ./Payload/爱回购.app/www/static/css/pages/review-page.9eea197f208bd32272d9d2660e76e915.css
2018-05-31 03:48:11 +0000  copying file ./Payload/爱回购.app/www/static/css/pages/app-download.df7bafd33b2c894be160d1720df7277a.css ... 
2018-05-31 03:48:11 +0000  28283 bytes for ./Payload/爱回购.app/www/static/css/pages/app-download.df7bafd33b2c894be160d1720df7277a.css
2018-05-31 03:48:11 +0000  copying file ./Payload/爱回购.app/www/static/css/pages/cash-identity-submit.0eb47bc09b315248b233f038fdcdbdda.css ... 
2018-05-31 03:48:11 +0000  29979 bytes for ./Payload/爱回购.app/www/static/css/pages/cash-identity-submit.0eb47bc09b315248b233f038fdcdbdda.css
2018-05-31 03:48:11 +0000  copying file ./Payload/爱回购.app/www/static/css/pages/renew-lease-page.a9b6c13424572a0766a9f0f0f5c63f30.css ... 
2018-05-31 03:48:11 +0000  28998 bytes for ./Payload/爱回购.app/www/static/css/pages/renew-lease-page.a9b6c13424572a0766a9f0f0f5c63f30.css
2018-05-31 03:48:11 +0000  copying file ./Payload/爱回购.app/www/static/css/pages/cash-submit.27823ed9ce0211b6a1c64ffed1459801.css ... 
2018-05-31 03:48:11 +0000  33017 bytes for ./Payload/爱回购.app/www/static/css/pages/cash-submit.27823ed9ce0211b6a1c64ffed1459801.css
2018-05-31 03:48:11 +0000  copying file ./Payload/爱回购.app/www/static/css/pages/ll2pay-page.101ce669dba1ab1ce0ca2c4918f2150d.css ... 
2018-05-31 03:48:11 +0000  28202 bytes for ./Payload/爱回购.app/www/static/css/pages/ll2pay-page.101ce669dba1ab1ce0ca2c4918f2150d.css
2018-05-31 03:48:11 +0000  copying file ./Payload/爱回购.app/www/static/css/pages/aiguigou-download.12cf452df9a27990f908d75692ef605f.css ... 
2018-05-31 03:48:11 +0000  37438 bytes for ./Payload/爱回购.app/www/static/css/pages/aiguigou-download.12cf452df9a27990f908d75692ef605f.css
2018-05-31 03:48:11 +0000  copying file ./Payload/爱回购.app/www/static/css/pages/user-login.3f2ec5b434bcf03b5df4ffbc7aa0cbdb.css ... 
2018-05-31 03:48:11 +0000  32745 bytes for ./Payload/爱回购.app/www/static/css/pages/user-login.3f2ec5b434bcf03b5df4ffbc7aa0cbdb.css
2018-05-31 03:48:11 +0000  copying file ./Payload/爱回购.app/www/static/css/pages/repurchase-page.974b3e49036698fa94abb1aa4cc989d6.css ... 
2018-05-31 03:48:11 +0000  28603 bytes for ./Payload/爱回购.app/www/static/css/pages/repurchase-page.974b3e49036698fa94abb1aa4cc989d6.css
2018-05-31 03:48:11 +0000  copying file ./Payload/爱回购.app/www/static/css/pages/my-page.c771cab2574e77d283f3308b1bad8e61.css ... 
2018-05-31 03:48:11 +0000  36257 bytes for ./Payload/爱回购.app/www/static/css/pages/my-page.c771cab2574e77d283f3308b1bad8e61.css
2018-05-31 03:48:11 +0000  copying file ./Payload/爱回购.app/www/static/css/pages/user-protocol.f3f920f53bd889e630ef898bc28583be.css ... 
2018-05-31 03:48:11 +0000  30495 bytes for ./Payload/爱回购.app/www/static/css/pages/user-protocol.f3f920f53bd889e630ef898bc28583be.css
2018-05-31 03:48:11 +0000  copying file ./Payload/爱回购.app/www/static/css/pages/cash-contact-submit.f5d42fca6aa2c1b076cb86810b0f5cad.css ... 
2018-05-31 03:48:11 +0000  42415 bytes for ./Payload/爱回购.app/www/static/css/pages/cash-contact-submit.f5d42fca6aa2c1b076cb86810b0f5cad.css
2018-05-31 03:48:11 +0000  copying file ./Payload/爱回购.app/www/static/css/pages/recycling-pay-page.e1a2338ff30255cb759fd5a61632f68b.css ... 
2018-05-31 03:48:11 +0000  28105 bytes for ./Payload/爱回购.app/www/static/css/pages/recycling-pay-page.e1a2338ff30255cb759fd5a61632f68b.css
2018-05-31 03:48:11 +0000  copying file ./Payload/爱回购.app/www/static/css/pages/select-product.709bef8c772c3e3a13e89308e5708aa9.css ... 
2018-05-31 03:48:11 +0000  40120 bytes for ./Payload/爱回购.app/www/static/css/pages/select-product.709bef8c772c3e3a13e89308e5708aa9.css
2018-05-31 03:48:11 +0000  copying file ./Payload/爱回购.app/www/static/css/pages/order-list.a17a9d3b342f57cb3f4846392210767a.css ... 
2018-05-31 03:48:11 +0000  30730 bytes for ./Payload/爱回购.app/www/static/css/pages/order-list.a17a9d3b342f57cb3f4846392210767a.css
2018-05-31 03:48:11 +0000  copying file ./Payload/爱回购.app/www/static/css/pages/cash-moreinfo-submit.0d2815bf6cb32c6ecbd55d452b21105a.css ... 
2018-05-31 03:48:11 +0000  43207 bytes for ./Payload/爱回购.app/www/static/css/pages/cash-moreinfo-submit.0d2815bf6cb32c6ecbd55d452b21105a.css
2018-05-31 03:48:11 +0000  copying file ./Payload/爱回购.app/www/static/css/pages/guide-install-app.c7a4afcc5422fbe411f1c4e233cfde01.css ... 
2018-05-31 03:48:11 +0000  28327 bytes for ./Payload/爱回购.app/www/static/css/pages/guide-install-app.c7a4afcc5422fbe411f1c4e233cfde01.css
2018-05-31 03:48:11 +0000  copying file ./Payload/爱回购.app/www/static/css/pages/app-register.037bc5ea319a1c548d7defa980d2052e.css ... 
2018-05-31 03:48:11 +0000  35297 bytes for ./Payload/爱回购.app/www/static/css/pages/app-register.037bc5ea319a1c548d7defa980d2052e.css
2018-05-31 03:48:11 +0000  copying file ./Payload/爱回购.app/www/static/css/pages/order-info.82a268af25faec8e5e09bdf38af8154c.css ... 
2018-05-31 03:48:11 +0000  33162 bytes for ./Payload/爱回购.app/www/static/css/pages/order-info.82a268af25faec8e5e09bdf38af8154c.css
2018-05-31 03:48:11 +0000  copying file ./Payload/爱回购.app/www/static/images/login_icon.f0490c2.png ... 
2018-05-31 03:48:11 +0000  13846 bytes for ./Payload/爱回购.app/www/static/images/login_icon.f0490c2.png
2018-05-31 03:48:11 +0000  copying file ./Payload/爱回购.app/www/static/images/android.90e9269.png ... 
2018-05-31 03:48:11 +0000  96684 bytes for ./Payload/爱回购.app/www/static/images/android.90e9269.png
2018-05-31 03:48:11 +0000  copying file ./Payload/爱回购.app/www/static/images/bg3.b1d5495.jpeg ... 
2018-05-31 03:48:11 +0000  92489 bytes for ./Payload/爱回购.app/www/static/images/bg3.b1d5495.jpeg
2018-05-31 03:48:11 +0000  copying file ./Payload/爱回购.app/www/static/images/home.png ... 
2018-05-31 03:48:11 +0000  451 bytes for ./Payload/爱回购.app/www/static/images/home.png
2018-05-31 03:48:11 +0000  copying file ./Payload/爱回购.app/www/static/images/bg4.9c6c7bb.jpg ... 
2018-05-31 03:48:11 +0000  711087 bytes for ./Payload/爱回购.app/www/static/images/bg4.9c6c7bb.jpg
2018-05-31 03:48:11 +0000  copying file ./Payload/爱回购.app/www/static/images/iphone.183e9bd.png ... 
2018-05-31 03:48:11 +0000  15907 bytes for ./Payload/爱回购.app/www/static/images/iphone.183e9bd.png
2018-05-31 03:48:11 +0000  copying file ./Payload/爱回购.app/www/static/images/ios.4ada59b.jpg ... 
2018-05-31 03:48:11 +0000  102669 bytes for ./Payload/爱回购.app/www/static/images/ios.4ada59b.jpg
2018-05-31 03:48:11 +0000  copying file ./Payload/爱回购.app/www/static/images/gps.d4d4a32.png ... 
2018-05-31 03:48:11 +0000  10895 bytes for ./Payload/爱回购.app/www/static/images/gps.d4d4a32.png
copying file ./Payload/爱回购.app/www/static/images/my_default.png ... 
2018-05-31 03:48:11 +0000  646 bytes for ./Payload/爱回购.app/www/static/images/my_default.png
copying file ./Payload/爱回购.app/www/static/images/my.png ... 
2018-05-31 03:48:11 +0000  412 bytes for ./Payload/爱回购.app/www/static/images/my.png
copying file ./Payload/爱回购.app/www/static/images/bg1.b5ddb50.jpg ... 
2018-05-31 03:48:11 +0000  81045 bytes for ./Payload/爱回购.app/www/static/images/bg1.b5ddb50.jpg
2018-05-31 03:48:11 +0000  copying file ./Payload/爱回购.app/www/static/images/home_default.png ... 
539 bytes for ./Payload/爱回购.app/www/static/images/home_default.png
copying file ./Payload/爱回购.app/www/static/images/newbanner.2dd6b4a.png ... 
2018-05-31 03:48:11 +0000  214798 bytes for ./Payload/爱回购.app/www/static/images/newbanner.2dd6b4a.png
2018-05-31 03:48:11 +0000  copying file ./Payload/爱回购.app/www/static/js/jSignature.min.js ... 
2018-05-31 03:48:11 +0000  23823 bytes for ./Payload/爱回购.app/www/static/js/jSignature.min.js
2018-05-31 03:48:11 +0000  copying file ./Payload/爱回购.app/www/static/js/vendor.0e01349cc5debef13dff.js ... 
2018-05-31 03:48:11 +0000  605316 bytes for ./Payload/爱回购.app/www/static/js/vendor.0e01349cc5debef13dff.js
2018-05-31 03:48:11 +0000  copying file ./Payload/爱回购.app/www/static/js/html2canvas.min.js ... 
2018-05-31 03:48:11 +0000  89644 bytes for ./Payload/爱回购.app/www/static/js/html2canvas.min.js
2018-05-31 03:48:11 +0000  copying file ./Payload/爱回购.app/www/static/js/jquery-1.4.4.min.js ... 
2018-05-31 03:48:11 +0000  78601 bytes for ./Payload/爱回购.app/www/static/js/jquery-1.4.4.min.js
2018-05-31 03:48:11 +0000  copying file ./Payload/爱回购.app/www/static/js/pages/ll2pay-page.4f5a8171198466fce865.js ... 
2018-05-31 03:48:11 +0000  41676 bytes for ./Payload/爱回购.app/www/static/js/pages/ll2pay-page.4f5a8171198466fce865.js
2018-05-31 03:48:11 +0000  copying file ./Payload/爱回购.app/www/static/js/pages/select-product.b5c758b55d384eeed22b.js ... 
2018-05-31 03:48:11 +0000  75372 bytes for ./Payload/爱回购.app/www/static/js/pages/select-product.b5c758b55d384eeed22b.js
2018-05-31 03:48:11 +0000  copying file ./Payload/爱回购.app/www/static/js/pages/app-download.d6cf8e10912cc19e7f86.js ... 
2018-05-31 03:48:11 +0000  41256 bytes for ./Payload/爱回购.app/www/static/js/pages/app-download.d6cf8e10912cc19e7f86.js
2018-05-31 03:48:11 +0000  copying file ./Payload/爱回购.app/www/static/js/pages/my-page.ebc963084b1e7b2cde30.js ... 
2018-05-31 03:48:11 +0000  42479 bytes for ./Payload/爱回购.app/www/static/js/pages/my-page.ebc963084b1e7b2cde30.js
2018-05-31 03:48:11 +0000  copying file ./Payload/爱回购.app/www/static/js/pages/repurchase-page.1b9cfcc9c5db36aa4943.js ... 
2018-05-31 03:48:11 +0000  42167 bytes for ./Payload/爱回购.app/www/static/js/pages/repurchase-page.1b9cfcc9c5db36aa4943.js
2018-05-31 03:48:11 +0000  copying file ./Payload/爱回购.app/www/static/js/pages/guide-install-app.69f3e061879c9b24c58b.js ... 
2018-05-31 03:48:11 +0000  41085 bytes for ./Payload/爱回购.app/www/static/js/pages/guide-install-app.69f3e061879c9b24c58b.js
2018-05-31 03:48:11 +0000  copying file ./Payload/爱回购.app/www/static/js/pages/order-info.a1b59e1a8380fc2b89eb.js ... 
2018-05-31 03:48:11 +0000  85184 bytes for ./Payload/爱回购.app/www/static/js/pages/order-info.a1b59e1a8380fc2b89eb.js
2018-05-31 03:48:11 +0000  copying file ./Payload/爱回购.app/www/static/js/pages/cash-identity-submit.f89950a7da3079328f48.js ... 
2018-05-31 03:48:11 +0000  90084 bytes for ./Payload/爱回购.app/www/static/js/pages/cash-identity-submit.f89950a7da3079328f48.js
2018-05-31 03:48:11 +0000  copying file ./Payload/爱回购.app/www/static/js/pages/cash-moreinfo-submit.55d45d3a5ca349a614d9.js ... 
2018-05-31 03:48:11 +0000  257001 bytes for ./Payload/爱回购.app/www/static/js/pages/cash-moreinfo-submit.55d45d3a5ca349a614d9.js
2018-05-31 03:48:11 +0000  copying file ./Payload/爱回购.app/www/static/js/pages/app-register.46481ed7783c20023b34.js ... 
2018-05-31 03:48:11 +0000  45516 bytes for ./Payload/爱回购.app/www/static/js/pages/app-register.46481ed7783c20023b34.js
2018-05-31 03:48:11 +0000  copying file ./Payload/爱回购.app/www/static/js/pages/user-login.bbd0ec2896ef2b44454b.js ... 
2018-05-31 03:48:11 +0000  75681 bytes for ./Payload/爱回购.app/www/static/js/pages/user-login.bbd0ec2896ef2b44454b.js
2018-05-31 03:48:11 +0000  copying file ./Payload/爱回购.app/www/static/js/pages/recycling-pay-page.6a061eab8c9171ae4c8b.js ... 
2018-05-31 03:48:11 +0000  41025 bytes for ./Payload/爱回购.app/www/static/js/pages/recycling-pay-page.6a061eab8c9171ae4c8b.js
2018-05-31 03:48:11 +0000  copying file ./Payload/爱回购.app/www/static/js/pages/user-protocol.a4ecaa7c993ef4724504.js ... 
2018-05-31 03:48:11 +0000  57178 bytes for ./Payload/爱回购.app/www/static/js/pages/user-protocol.a4ecaa7c993ef4724504.js
2018-05-31 03:48:11 +0000  copying file ./Payload/爱回购.app/www/static/js/pages/renew-lease-page.3b03a881d82e022f98bb.js ... 
2018-05-31 03:48:11 +0000  44314 bytes for ./Payload/爱回购.app/www/static/js/pages/renew-lease-page.3b03a881d82e022f98bb.js
2018-05-31 03:48:11 +0000  copying file ./Payload/爱回购.app/www/static/js/pages/order-list.8ecae7b3b9cda9284fc4.js ... 
2018-05-31 03:48:11 +0000  44026 bytes for ./Payload/爱回购.app/www/static/js/pages/order-list.8ecae7b3b9cda9284fc4.js
2018-05-31 03:48:11 +0000  copying file ./Payload/爱回购.app/www/static/js/pages/cash-contact-submit.ba95450cbc60f4d112fe.js ... 
2018-05-31 03:48:11 +0000  89060 bytes for ./Payload/爱回购.app/www/static/js/pages/cash-contact-submit.ba95450cbc60f4d112fe.js
2018-05-31 03:48:11 +0000  copying file ./Payload/爱回购.app/www/static/js/pages/cash-submit.1023ad01193d0d409c3a.js ... 
2018-05-31 03:48:11 +0000  52473 bytes for ./Payload/爱回购.app/www/static/js/pages/cash-submit.1023ad01193d0d409c3a.js
2018-05-31 03:48:11 +0000  copying file ./Payload/爱回购.app/www/static/js/pages/aiguigou-download.0be9f7dd809ce83613b5.js ... 
2018-05-31 03:48:11 +0000  42090 bytes for ./Payload/爱回购.app/www/static/js/pages/aiguigou-download.0be9f7dd809ce83613b5.js
2018-05-31 03:48:11 +0000  copying file ./Payload/爱回购.app/www/static/js/pages/review-page.c98f509f70ca977c2d40.js ... 
2018-05-31 03:48:11 +0000  42186 bytes for ./Payload/爱回购.app/www/static/js/pages/review-page.c98f509f70ca977c2d40.js
2018-05-31 03:48:11 +0000  copying file ./Payload/爱回购.app/www/static/js/manifest.ddfcb66be21dcc92fca4.js ... 
1282 bytes for ./Payload/爱回购.app/www/static/js/manifest.ddfcb66be21dcc92fca4.js
2018-05-31 03:48:11 +0000  copying file ./Payload/爱回购.app/www/cordova-js-src/exec.js ... 
2018-05-31 03:48:11 +0000  8877 bytes for ./Payload/爱回购.app/www/cordova-js-src/exec.js
2018-05-31 03:48:11 +0000  copying file ./Payload/爱回购.app/www/cordova-js-src/plugin/ios/logger.js ... 
2018-05-31 03:48:11 +0000  10233 bytes for ./Payload/爱回购.app/www/cordova-js-src/plugin/ios/logger.js
2018-05-31 03:48:11 +0000  copying file ./Payload/爱回购.app/www/cordova-js-src/plugin/ios/console.js ... 
2018-05-31 03:48:11 +0000  6822 bytes for ./Payload/爱回购.app/www/cordova-js-src/plugin/ios/console.js
2018-05-31 03:48:11 +0000  copying file ./Payload/爱回购.app/www/cordova-js-src/platform.js ... 
2018-05-31 03:48:11 +0000  1168 bytes for ./Payload/爱回购.app/www/cordova-js-src/platform.js
copying file ./Payload/爱回购.app/www/cordova_plugins.js ... 
2018-05-31 03:48:11 +0000  5274 bytes for ./Payload/爱回购.app/www/cordova_plugins.js
2018-05-31 03:48:11 +0000  copying file ./Payload/爱回购.app/www/pages/user-protocol.html ... 
2018-05-31 03:48:11 +0000  2291 bytes for ./Payload/爱回购.app/www/pages/user-protocol.html
copying file ./Payload/爱回购.app/www/pages/cash-contact-submit.html ... 
2018-05-31 03:48:11 +0000  2300 bytes for ./Payload/爱回购.app/www/pages/cash-contact-submit.html
copying file ./Payload/爱回购.app/www/pages/recycling-pay-page.html ... 
2018-05-31 03:48:11 +0000  2295 bytes for ./Payload/爱回购.app/www/pages/recycling-pay-page.html
2018-05-31 03:48:11 +0000  copying file ./Payload/爱回购.app/www/pages/renew-lease-page.html ... 
2018-05-31 03:48:11 +0000  2291 bytes for ./Payload/爱回购.app/www/pages/renew-lease-page.html
copying file ./Payload/爱回购.app/www/pages/app-download.html ... 
2018-05-31 03:48:11 +0000  2289 bytes for ./Payload/爱回购.app/www/pages/app-download.html
copying file ./Payload/爱回购.app/www/pages/order-info.html ... 
2018-05-31 03:48:11 +0000  2285 bytes for ./Payload/爱回购.app/www/pages/order-info.html
copying file ./Payload/爱回购.app/www/pages/cash-moreinfo-submit.html ... 
2018-05-31 03:48:11 +0000  2305 bytes for ./Payload/爱回购.app/www/pages/cash-moreinfo-submit.html
2018-05-31 03:48:11 +0000  copying file ./Payload/爱回购.app/www/pages/order-list.html ... 
2018-05-31 03:48:11 +0000  3027 bytes for ./Payload/爱回购.app/www/pages/order-list.html
copying file ./Payload/爱回购.app/www/pages/review-page.html ... 
2018-05-31 03:48:11 +0000  2281 bytes for ./Payload/爱回购.app/www/pages/review-page.html
copying file ./Payload/爱回购.app/www/pages/ll2pay-page.html ... 
2018-05-31 03:48:11 +0000  2287 bytes for ./Payload/爱回购.app/www/pages/ll2pay-page.html
2018-05-31 03:48:11 +0000  copying file ./Payload/爱回购.app/www/pages/cash-identity-submit.html ... 
2299 bytes for ./Payload/爱回购.app/www/pages/cash-identity-submit.html
2018-05-31 03:48:11 +0000  copying file ./Payload/爱回购.app/www/pages/cash-submit.html ... 
2018-05-31 03:48:11 +0000  2287 bytes for ./Payload/爱回购.app/www/pages/cash-submit.html
copying file ./Payload/爱回购.app/www/pages/guide-install-app.html ... 
2302 bytes for ./Payload/爱回购.app/www/pages/guide-install-app.html
copying file ./Payload/爱回购.app/www/pages/app-register.html ... 
2018-05-31 03:48:11 +0000  2283 bytes for ./Payload/爱回购.app/www/pages/app-register.html
copying file ./Payload/爱回购.app/www/pages/user-login.html ... 
2018-05-31 03:48:11 +0000  2239 bytes for ./Payload/爱回购.app/www/pages/user-login.html
copying file ./Payload/爱回购.app/www/pages/repurchase-page.html ... 
2018-05-31 03:48:11 +0000  2289 bytes for ./Payload/爱回购.app/www/pages/repurchase-page.html
copying file ./Payload/爱回购.app/www/pages/select-product.html ... 
2018-05-31 03:48:11 +0000  2989 bytes for ./Payload/爱回购.app/www/pages/select-product.html
2018-05-31 03:48:11 +0000  copying file ./Payload/爱回购.app/www/pages/my-page.html ... 
2969 bytes for ./Payload/爱回购.app/www/pages/my-page.html
2018-05-31 03:48:11 +0000  copying file ./Payload/爱回购.app/www/pages/aiguigou-download.html ... 
2018-05-31 03:48:11 +0000  2299 bytes for ./Payload/爱回购.app/www/pages/aiguigou-download.html
copying file ./Payload/爱回购.app/Assets.car ... 
2018-05-31 03:48:11 +0000  96328 bytes for ./Payload/爱回购.app/Assets.car
copying file ./Payload/爱回购.app/AppIcon40x40@2x~ipad.png ... 
2018-05-31 03:48:11 +0000  3072 bytes for ./Payload/爱回购.app/AppIcon40x40@2x~ipad.png
copying file ./Payload/爱回购.app/AppIcon76x76@2x~ipad.png ... 
2018-05-31 03:48:11 +0000  5989 bytes for ./Payload/爱回购.app/AppIcon76x76@2x~ipad.png
2018-05-31 03:48:11 +0000  copying file ./Payload/爱回购.app/LaunchImage-800-Portrait-736h@3x.png ... 
2018-05-31 03:48:11 +0000  31588 bytes for ./Payload/爱回购.app/LaunchImage-800-Portrait-736h@3x.png
2018-05-31 03:48:11 +0000  copying file ./Payload/爱回购.app/AppIcon72x72~ipad.png ... 
2018-05-31 03:48:11 +0000  2802 bytes for ./Payload/爱回购.app/AppIcon72x72~ipad.png
copying file ./Payload/爱回购.app/CDVLaunchScreen.storyboardc/01J-lp-oVM-view-Ze5-6b-2t3.nib ... 
2018-05-31 03:48:11 +0000  2281 bytes for ./Payload/爱回购.app/CDVLaunchScreen.storyboardc/01J-lp-oVM-view-Ze5-6b-2t3.nib
2018-05-31 03:48:11 +0000  copying file ./Payload/爱回购.app/CDVLaunchScreen.storyboardc/UIViewController-01J-lp-oVM.nib ... 
2018-05-31 03:48:11 +0000  832 bytes for ./Payload/爱回购.app/CDVLaunchScreen.storyboardc/UIViewController-01J-lp-oVM.nib
copying file ./Payload/爱回购.app/CDVLaunchScreen.storyboardc/Info.plist ... 
258 bytes for ./Payload/爱回购.app/CDVLaunchScreen.storyboardc/Info.plist
2018-05-31 03:48:11 +0000  copying file ./Payload/爱回购.app/LaunchImage-700@2x.png ... 
2018-05-31 03:48:11 +0000  12128 bytes for ./Payload/爱回购.app/LaunchImage-700@2x.png
2018-05-31 03:48:11 +0000  copying file ./Payload/爱回购.app/LaunchImage-700-568h@2x.png ... 
2018-05-31 03:48:11 +0000  12807 bytes for ./Payload/爱回购.app/LaunchImage-700-568h@2x.png
2018-05-31 03:48:11 +0000  copying file ./Payload/爱回购.app/CDVNotification.bundle/beep.wav ... 
2018-05-31 03:48:11 +0000  8114 bytes for ./Payload/爱回购.app/CDVNotification.bundle/beep.wav
2018-05-31 03:48:11 +0000  copying file ./Payload/爱回购.app/AppIcon50x50~ipad.png ... 
2018-05-31 03:48:11 +0000  1941 bytes for ./Payload/爱回购.app/AppIcon50x50~ipad.png
copying file ./Payload/爱回购.app/AppIcon29x29@2x~ipad.png ... 
2018-05-31 03:48:11 +0000  2076 bytes for ./Payload/爱回购.app/AppIcon29x29@2x~ipad.png
copying file ./Payload/爱回购.app/AppIcon50x50@2x~ipad.png ... 
2018-05-31 03:48:11 +0000  3953 bytes for ./Payload/爱回购.app/AppIcon50x50@2x~ipad.png
2018-05-31 03:48:11 +0000  copying file ./Payload/爱回购.app/AppIcon40x40~ipad.png ... 
1441 bytes for ./Payload/爱回购.app/AppIcon40x40~ipad.png
copying file ./Payload/爱回购.app/LaunchImage.png ... 
2018-05-31 03:48:11 +0000  20021 bytes for ./Payload/爱回购.app/LaunchImage.png
2018-05-31 03:48:11 +0000  copying file ./Payload/爱回购.app/embedded.mobileprovision ... 
2018-05-31 03:48:11 +0000  10855 bytes for ./Payload/爱回购.app/embedded.mobileprovision
copying file ./Payload/爱回购.app/LaunchImage-800-Landscape-736h@3x.png ... 
2018-05-31 03:48:11 +0000  63597 bytes for ./Payload/爱回购.app/LaunchImage-800-Landscape-736h@3x.png
2018-05-31 03:48:11 +0000  copying file ./Payload/爱回购.app/AppIcon20x20@2x~ipad.png ... 
1441 bytes for ./Payload/爱回购.app/AppIcon20x20@2x~ipad.png
copying file ./Payload/爱回购.app/Info.plist ... 
2018-05-31 03:48:11 +0000  2116 bytes for ./Payload/爱回购.app/Info.plist
copying file ./Payload/爱回购.app/PkgInfo ... 
2018-05-31 03:48:11 +0000  8 bytes for ./Payload/爱回购.app/PkgInfo
copying file ./Payload/爱回购.app/AppIcon76x76~ipad.png ... 
2018-05-31 03:48:11 +0000  2959 bytes for ./Payload/爱回购.app/AppIcon76x76~ipad.png
2018-05-31 03:48:11 +0000  2018-05-31 03:48:11 +0000  
2018-05-31 03:48:11 +0000  /usr/bin/ditto exited with 0

2018-05-31 03:48:11 +0000  Processing step: IDEDistributionCreateManifestStep
